Mono path[0] = '/home/shreya/uneven-terrain-driver/difficult-privileged-without-cbf/difficult-privileged_Data/Managed'
Mono config path = '/home/shreya/uneven-terrain-driver/difficult-privileged-without-cbf/difficult-privileged_Data/MonoBleedingEdge/etc'
Preloaded 'lib_burst_generated.so'
Preloaded 'libgrpc_csharp_ext.x64.so'
Initialize engine version: 2021.3.24f1 (cf10dcf7010d)
[Subsystems] Discovering subsystems at path /home/shreya/uneven-terrain-driver/difficult-privileged-without-cbf/difficult-privileged_Data/UnitySubsystems
Forcing GfxDevice: Null
GfxDevice: creating device client; threaded=0; jobified=0
NullGfxDevice:
    Version:  NULL 1.0 [1.0]
    Renderer: Null Device
    Vendor:   Unity Technologies
ALSA lib confmisc.c:767:(parse_card) cannot find card '0'
ALSA lib conf.c:4732:(_snd_config_evaluate) function snd_func_card_driver returned error: No such file or directory
ALSA lib confmisc.c:392:(snd_func_concat) error evaluating strings
ALSA lib conf.c:4732:(_snd_config_evaluate) function snd_func_concat returned error: No such file or directory
ALSA lib confmisc.c:1246:(snd_func_refer) error evaluating name
ALSA lib conf.c:4732:(_snd_config_evaluate) function snd_func_refer returned error: No such file or directory
ALSA lib conf.c:5220:(snd_config_expand) Evaluate error: No such file or directory
ALSA lib pcm.c:2642:(snd_pcm_open_noupdate) Unknown PCM default
FMOD failed to initialize the output device.: "Error initializing output device. " (60)
Forced to initialize FMOD to to the device driver's system output rate 48000, this may impact performance and/or give inconsistent experiences compared to selected sample rate 48000
ALSA lib confmisc.c:767:(parse_card) cannot find card '0'
ALSA lib conf.c:4732:(_snd_config_evaluate) function snd_func_card_driver returned error: No such file or directory
ALSA lib confmisc.c:392:(snd_func_concat) error evaluating strings
ALSA lib conf.c:4732:(_snd_config_evaluate) function snd_func_concat returned error: No such file or directory
ALSA lib confmisc.c:1246:(snd_func_refer) error evaluating name
ALSA lib conf.c:4732:(_snd_config_evaluate) function snd_func_refer returned error: No such file or directory
ALSA lib conf.c:5220:(snd_config_expand) Evaluate error: No such file or directory
ALSA lib pcm.c:2642:(snd_pcm_open_noupdate) Unknown PCM default
FMOD failed to initialize the output device.: "Error initializing output device. " (60)
FMOD initialized on nosound output
Begin MonoManager ReloadAssembly
- Completed reload, in  0.101 seconds
ERROR: Shader Hidden/Universal Render Pipeline/Blit shader is not supported on this GPU (none of subshaders/fallbacks are suitable)
ERROR: Shader Hidden/Universal Render Pipeline/CopyDepth shader is not supported on this GPU (none of subshaders/fallbacks are suitable)
ERROR: Shader Hidden/Universal Render Pipeline/Sampling shader is not supported on this GPU (none of subshaders/fallbacks are suitable)
ERROR: Shader Hidden/Universal Render Pipeline/LutBuilderLdr shader is not supported on this GPU (none of subshaders/fallbacks are suitable)
ERROR: Shader Hidden/Universal Render Pipeline/LutBuilderHdr shader is not supported on this GPU (none of subshaders/fallbacks are suitable)
ERROR: Shader Hidden/Universal Render Pipeline/UberPost shader is not supported on this GPU (none of subshaders/fallbacks are suitable)
ERROR: Shader Hidden/Universal Render Pipeline/Debug/DebugReplacement shader is not supported on this GPU (none of subshaders/fallbacks are suitable)
WARNING: Shader Unsupported: 'Hidden/Universal Render Pipeline/FallbackError' - All subshaders removed
WARNING: Shader Did you use #pragma only_renderers and omit this platform?
WARNING: Shader If subshaders removal was intentional, you may have forgotten turning Fallback off?
ERROR: Shader Hidden/Universal Render Pipeline/FallbackError shader is not supported on this GPU (none of subshaders/fallbacks are suitable)
WARNING: Shader Unsupported: 'Hidden/Universal Render Pipeline/FallbackError' - All subshaders removed
WARNING: Shader Did you use #pragma only_renderers and omit this platform?
WARNING: Shader If subshaders removal was intentional, you may have forgotten turning Fallback off?
WARNING: Shader Unsupported: 'Hidden/Universal Render Pipeline/StencilDeferred' - All subshaders removed
WARNING: Shader Did you use #pragma only_renderers and omit this platform?
WARNING: Shader If subshaders removal was intentional, you may have forgotten turning Fallback off?
WARNING: Shader Unsupported: 'Hidden/Universal Render Pipeline/StencilDeferred' - All subshaders removed
WARNING: Shader Did you use #pragma only_renderers and omit this platform?
WARNING: Shader If subshaders removal was intentional, you may have forgotten turning Fallback off?
ERROR: Shader Hidden/kMotion/CameraMotionVectors shader is not supported on this GPU (none of subshaders/fallbacks are suitable)
ERROR: Shader Hidden/kMotion/ObjectMotionVectors shader is not supported on this GPU (none of subshaders/fallbacks are suitable)
ERROR: Shader Hidden/Universal Render Pipeline/Stop NaN shader is not supported on this GPU (none of subshaders/fallbacks are suitable)
ERROR: Shader Hidden/Universal Render Pipeline/SubpixelMorphologicalAntialiasing shader is not supported on this GPU (none of subshaders/fallbacks are suitable)
ERROR: Shader Hidden/Universal Render Pipeline/GaussianDepthOfField shader is not supported on this GPU (none of subshaders/fallbacks are suitable)
ERROR: Shader Hidden/Universal Render Pipeline/BokehDepthOfField shader is not supported on this GPU (none of subshaders/fallbacks are suitable)
ERROR: Shader Hidden/Universal Render Pipeline/CameraMotionBlur shader is not supported on this GPU (none of subshaders/fallbacks are suitable)
ERROR: Shader Hidden/Universal Render Pipeline/PaniniProjection shader is not supported on this GPU (none of subshaders/fallbacks are suitable)
ERROR: Shader Hidden/Universal Render Pipeline/Bloom shader is not supported on this GPU (none of subshaders/fallbacks are suitable)
ERROR: Shader Hidden/Universal Render Pipeline/LensFlareDataDriven shader is not supported on this GPU (none of subshaders/fallbacks are suitable)
ERROR: Shader Hidden/Universal Render Pipeline/Scaling Setup shader is not supported on this GPU (none of subshaders/fallbacks are suitable)
ERROR: Shader Hidden/Universal Render Pipeline/Edge Adaptive Spatial Upsampling shader is not supported on this GPU (none of subshaders/fallbacks are suitable)
ERROR: Shader Hidden/Universal Render Pipeline/FinalPost shader is not supported on this GPU (none of subshaders/fallbacks are suitable)
ERROR: Shader Sprites/Default shader is not supported on this GPU (none of subshaders/fallbacks are suitable)
ERROR: Shader Sprites/Mask shader is not supported on this GPU (none of subshaders/fallbacks are suitable)
WARNING: Shader Unsupported: 'Universal Render Pipeline/Simple Lit' - All subshaders removed
WARNING: Shader Did you use #pragma only_renderers and omit this platform?
WARNING: Shader If subshaders removal was intentional, you may have forgotten turning Fallback off?
ERROR: Shader Universal Render Pipeline/Simple Lit shader is not supported on this GPU (none of subshaders/fallbacks are suitable)
WARNING: Shader Unsupported: 'Universal Render Pipeline/Simple Lit' - All subshaders removed
WARNING: Shader Did you use #pragma only_renderers and omit this platform?
WARNING: Shader If subshaders removal was intentional, you may have forgotten turning Fallback off?
ERROR: Shader Hidden/TerrainEngine/Details/UniversalPipeline/BillboardWavingDoublePass shader is not supported on this GPU (none of subshaders/fallbacks are suitable)
ERROR: Shader Custom/haha shader is not supported on this GPU (none of subshaders/fallbacks are suitable)
ERROR: Shader Hidden/Universal Render Pipeline/Terrain/Lit (Basemap Gen) shader is not supported on this GPU (none of subshaders/fallbacks are suitable)
WARNING: Shader Unsupported: 'Universal Render Pipeline/Lit' - All subshaders removed
WARNING: Shader Did you use #pragma only_renderers and omit this platform?
WARNING: Shader If subshaders removal was intentional, you may have forgotten turning Fallback off?
ERROR: Shader Universal Render Pipeline/Lit shader is not supported on this GPU (none of subshaders/fallbacks are suitable)
WARNING: Shader Unsupported: 'Universal Render Pipeline/Lit' - All subshaders removed
WARNING: Shader Did you use #pragma only_renderers and omit this platform?
WARNING: Shader If subshaders removal was intentional, you may have forgotten turning Fallback off?
WARNING: Shader Unsupported: 'Hidden/Universal Render Pipeline/Terrain/Lit (Add Pass)' - All subshaders removed
WARNING: Shader Did you use #pragma only_renderers and omit this platform?
WARNING: Shader If subshaders removal was intentional, you may have forgotten turning Fallback off?
ERROR: Shader Hidden/Universal Render Pipeline/Terrain/Lit (Add Pass) shader is not supported on this GPU (none of subshaders/fallbacks are suitable)
WARNING: Shader Unsupported: 'Hidden/Universal Render Pipeline/Terrain/Lit (Add Pass)' - All subshaders removed
WARNING: Shader Did you use #pragma only_renderers and omit this platform?
WARNING: Shader If subshaders removal was intentional, you may have forgotten turning Fallback off?
WARNING: Shader Unsupported: 'Universal Render Pipeline/Terrain/Lit' - All subshaders removed
WARNING: Shader Did you use #pragma only_renderers and omit this platform?
WARNING: Shader If subshaders removal was intentional, you may have forgotten turning Fallback off?
ERROR: Shader Universal Render Pipeline/Terrain/Lit shader is not supported on this GPU (none of subshaders/fallbacks are suitable)
WARNING: Shader Unsupported: 'Universal Render Pipeline/Terrain/Lit' - All subshaders removed
WARNING: Shader Did you use #pragma only_renderers and omit this platform?
WARNING: Shader If subshaders removal was intentional, you may have forgotten turning Fallback off?
WARNING: Shader Unsupported: 'Hidden/Universal Render Pipeline/Terrain/Lit (Base Pass)' - All subshaders removed
WARNING: Shader Did you use #pragma only_renderers and omit this platform?
WARNING: Shader If subshaders removal was intentional, you may have forgotten turning Fallback off?
ERROR: Shader Hidden/Universal Render Pipeline/Terrain/Lit (Base Pass) shader is not supported on this GPU (none of subshaders/fallbacks are suitable)
WARNING: Shader Unsupported: 'Hidden/Universal Render Pipeline/Terrain/Lit (Base Pass)' - All subshaders removed
WARNING: Shader Did you use #pragma only_renderers and omit this platform?
WARNING: Shader If subshaders removal was intentional, you may have forgotten turning Fallback off?
ERROR: Shader Legacy Shaders/Particles/Alpha Blended shader is not supported on this GPU (none of subshaders/fallbacks are suitable)
ERROR: Shader Hidden/TerrainEngine/Details/UniversalPipeline/WavingDoublePass shader is not supported on this GPU (none of subshaders/fallbacks are suitable)
ERROR: Shader Legacy Shaders/Particles/Additive shader is not supported on this GPU (none of subshaders/fallbacks are suitable)
WARNING: Shader Unsupported: 'Universal Render Pipeline/Unlit' - All subshaders removed
WARNING: Shader Did you use #pragma only_renderers and omit this platform?
WARNING: Shader If subshaders removal was intentional, you may have forgotten turning Fallback off?
ERROR: Shader Universal Render Pipeline/Unlit shader is not supported on this GPU (none of subshaders/fallbacks are suitable)
WARNING: Shader Unsupported: 'Universal Render Pipeline/Unlit' - All subshaders removed
WARNING: Shader Did you use #pragma only_renderers and omit this platform?
WARNING: Shader If subshaders removal was intentional, you may have forgotten turning Fallback off?
WARNING: Shader Unsupported: 'Universal Render Pipeline/Particles/Unlit' - All subshaders removed
WARNING: Shader Did you use #pragma only_renderers and omit this platform?
WARNING: Shader If subshaders removal was intentional, you may have forgotten turning Fallback off?
ERROR: Shader Universal Render Pipeline/Particles/Unlit shader is not supported on this GPU (none of subshaders/fallbacks are suitable)
WARNING: Shader Unsupported: 'Universal Render Pipeline/Particles/Unlit' - All subshaders removed
WARNING: Shader Did you use #pragma only_renderers and omit this platform?
WARNING: Shader If subshaders removal was intentional, you may have forgotten turning Fallback off?
ERROR: Shader Hidden/TerrainEngine/Details/UniversalPipeline/Vertexlit shader is not supported on this GPU (none of subshaders/fallbacks are suitable)
The tree grass Variant must use the Nature/Soft Occlusion shader. Otherwise billboarding/lighting will not work correctly.
UnloadTime: 0.817560 ms
ERROR: Shader UI/Default shader is not supported on this GPU (none of subshaders/fallbacks are suitable)
requesting resize 84 x 84
Something wrong1!!
10.00636
Something wrong2!!
5.254228
Something wrong3!!
(2.40, -11.98, 9.96)
Something wrong1!!
10.04632
Something wrong2!!
5.354275
Something wrong3!!
(2.40, -12.37, 9.96)
Something wrong1!!
10.08435
Something wrong2!!
5.455625
Something wrong3!!
(2.40, -12.76, 9.96)
Something wrong1!!
10.11778
Something wrong2!!
5.558204
Something wrong3!!
(2.40, -13.15, 9.96)
Something wrong1!!
10.14688
Something wrong2!!
5.661947
Something wrong3!!
(2.40, -13.54, 9.96)
Something wrong1!!
10.75134
Something wrong2!!
5.456923
Something wrong3!!
(4.02, -12.28, 10.05)
Something wrong1!!
10.65618
Something wrong2!!
4.555328
Something wrong3!!
(5.45, -8.52, 9.19)
Something wrong1!!
10.6761
Something wrong2!!
4.638002
Something wrong3!!
(5.45, -8.91, 9.19)
Something wrong1!!
10.68455
Something wrong2!!
4.722853
Something wrong3!!
(5.45, -9.30, 9.19)
Something wrong1!!
10.68226
Something wrong2!!
4.809764
Something wrong3!!
(5.45, -9.70, 9.19)
Something wrong1!!
10.66989
Something wrong2!!
4.898626
Something wrong3!!
(5.45, -10.09, 9.19)
Something wrong1!!
10.64919
Something wrong2!!
4.989335
Something wrong3!!
(5.45, -10.48, 9.19)
Something wrong1!!
10.619
Something wrong2!!
5.081791
Something wrong3!!
(5.45, -10.87, 9.19)
Something wrong1!!
10.58061
Something wrong2!!
5.175902
Something wrong3!!
(5.45, -11.27, 9.19)
Something wrong1!!
10.53459
Something wrong2!!
0
Something wrong3!!
(5.45, -11.66, 9.19)
Something wrong1!!
10.48149
Something wrong2!!
-13.42184
Something wrong3!!
(5.45, -12.05, 9.19)
Something wrong1!!
10.42472
Something wrong2!!
-13.66825
Something wrong3!!
(5.45, -12.44, 9.19)
Something wrong1!!
10.35934
Something wrong2!!
-13.91797
Something wrong3!!
(5.45, -12.84, 9.19)
Something wrong1!!
10.28836
Something wrong2!!
-14.17084
Something wrong3!!
(5.45, -13.23, 9.19)
Something wrong1!!
10.21223
Something wrong2!!
-14.42669
Something wrong3!!
(5.45, -13.62, 9.19)
Something wrong1!!
10.13138
Something wrong2!!
-14.68536
Something wrong3!!
(5.45, -14.01, 9.19)
Something wrong1!!
10.5967
Something wrong2!!
-14.24207
Something wrong3!!
(4.76, -12.92, 10.12)
Something wrong1!!
10.5968
Something wrong2!!
-14.49082
Something wrong3!!
(4.76, -13.31, 10.12)
Something wrong1!!
10.59685
Something wrong2!!
-14.74263
Something wrong3!!
(4.76, -13.70, 10.12)
Something wrong1!!
10.59686
Something wrong2!!
-14.99735
Something wrong3!!
(4.76, -14.10, 10.12)
Something wrong1!!
10.59684
Something wrong2!!
-15.25482
Something wrong3!!
(4.76, -14.49, 10.12)
Something wrong1!!
10.6016
Something wrong2!!
-15.51491
Something wrong3!!
(4.76, -14.88, 10.12)
Something wrong1!!
10.6015
Something wrong2!!
-15.77748
Something wrong3!!
(4.76, -15.27, 10.12)
Something wrong1!!
10.60137
Something wrong2!!
-16.04243
Something wrong3!!
(4.76, -15.67, 10.12)
Something wrong1!!
10.60122
Something wrong2!!
-16.30963
Something wrong3!!
(4.76, -16.06, 10.12)
Something wrong1!!
10.60103
Something wrong2!!
-16.57897
Something wrong3!!
(4.76, -16.45, 10.12)
Something wrong1!!
10.60561
Something wrong2!!
-16.85035
Something wrong3!!
(4.76, -16.84, 10.12)
Something wrong1!!
10.60537
Something wrong2!!
-17.12368
Something wrong3!!
(4.76, -17.23, 10.12)
Something wrong1!!
11.81088
Something wrong2!!
-16.13386
Something wrong3!!
(5.62, -14.84, 11.09)
Something wrong1!!
11.81449
Something wrong2!!
-16.38593
Something wrong3!!
(5.62, -15.24, 11.09)
Something wrong1!!
11.81799
Something wrong2!!
-16.6406
Something wrong3!!
(5.62, -15.63, 11.09)
Something wrong1!!
11.82687
Something wrong2!!
-16.89776
Something wrong3!!
(5.62, -16.02, 11.09)
Something wrong1!!
11.83013
Something wrong2!!
-17.15731
Something wrong3!!
(5.62, -16.41, 11.09)
Something wrong1!!
11.83328
Something wrong2!!
-17.41912
Something wrong3!!
(5.62, -16.81, 11.09)
Something wrong1!!
11.83634
Something wrong2!!
-17.6831
Something wrong3!!
(5.62, -17.20, 11.09)
Something wrong1!!
11.83929
Something wrong2!!
-17.94916
Something wrong3!!
(5.62, -17.59, 11.09)
Something wrong1!!
11.84766
Something wrong2!!
-18.2172
Something wrong3!!
(5.62, -17.98, 11.09)
Something wrong1!!
11.85042
Something wrong2!!
-18.48714
Something wrong3!!
(5.62, -18.38, 11.09)
Something wrong1!!
11.85309
Something wrong2!!
-18.7589
Something wrong3!!
(5.62, -18.77, 11.09)
Something wrong1!!
11.85569
Something wrong2!!
-19.03239
Something wrong3!!
(5.62, -19.16, 11.09)
Something wrong1!!
11.8582
Something wrong2!!
-19.30755
Something wrong3!!
(5.62, -19.55, 11.09)
Something wrong1!!
11.86603
Something wrong2!!
-19.5843
Something wrong3!!
(5.62, -19.95, 11.09)
Something wrong1!!
11.86838
Something wrong2!!
-19.86258
Something wrong3!!
(5.62, -20.34, 11.09)
Something wrong1!!
12.09689
Something wrong2!!
-18.92014
Something wrong3!!
(7.06, -18.76, 10.66)
Something wrong1!!
12.0127
Something wrong2!!
-19.19125
Something wrong3!!
(7.06, -19.16, 10.66)
Something wrong1!!
11.85897
Something wrong2!!
-19.43151
Something wrong3!!
(6.86, -19.55, 10.70)
Something wrong1!!
13.23895
Something wrong2!!
-17.67904
Something wrong3!!
(7.39, -15.76, 12.12)
Something wrong1!!
13.24049
Something wrong2!!
-17.92334
Something wrong3!!
(7.39, -16.16, 12.12)
Something wrong1!!
13.24198
Something wrong2!!
-18.17024
Something wrong3!!
(7.39, -16.55, 12.12)
Something wrong1!!
13.24343
Something wrong2!!
-18.41963
Something wrong3!!
(7.39, -16.94, 12.12)
Something wrong1!!
13.24482
Something wrong2!!
-18.67142
Something wrong3!!
(7.39, -17.33, 12.12)
Something wrong1!!
13.25423
Something wrong2!!
-18.92551
Something wrong3!!
(7.39, -17.72, 12.12)
Something wrong1!!
13.25554
Something wrong2!!
-19.18181
Something wrong3!!
(7.39, -18.12, 12.12)
Something wrong1!!
13.2568
Something wrong2!!
-19.44023
Something wrong3!!
(7.39, -18.51, 12.12)
Something wrong1!!
13.25803
Something wrong2!!
-19.70069
Something wrong3!!
(7.39, -18.90, 12.12)
Something wrong1!!
13.25922
Something wrong2!!
-19.9631
Something wrong3!!
(7.39, -19.29, 12.12)
Something wrong1!!
13.208
Something wrong2!!
-20.19597
Something wrong3!!
(7.20, -19.69, 12.16)
Something wrong1!!
12.91706
Something wrong2!!
-19.3763
Something wrong3!!
(4.43, -18.89, 12.81)
Something wrong1!!
13.00784
Something wrong2!!
-15.21349
Something wrong3!!
(5.68, -12.24, 12.30)
Something wrong1!!
13.07363
Something wrong2!!
-15.43463
Something wrong3!!
(5.68, -12.63, 12.30)
Something wrong1!!
13.13395
Something wrong2!!
-15.65947
Something wrong3!!
(5.68, -13.02, 12.30)
Something wrong1!!
13.19397
Something wrong2!!
-15.88787
Something wrong3!!
(5.68, -13.42, 12.30)
Something wrong1!!
13.24378
Something wrong2!!
-16.11966
Something wrong3!!
(5.68, -13.81, 12.30)
Something wrong1!!
13.28889
Something wrong2!!
-16.35471
Something wrong3!!
(5.68, -14.20, 12.30)
Something wrong1!!
13.32956
Something wrong2!!
-16.59287
Something wrong3!!
(5.68, -14.59, 12.30)
Something wrong1!!
13.366
Something wrong2!!
-16.83401
Something wrong3!!
(5.68, -14.99, 12.30)
Something wrong1!!
13.40158
Something wrong2!!
-17.07801
Something wrong3!!
(5.68, -15.38, 12.30)
Something wrong1!!
13.4299
Something wrong2!!
-17.32475
Something wrong3!!
(5.68, -15.77, 12.30)
Something wrong1!!
13.45463
Something wrong2!!
-17.5741
Something wrong3!!
(5.68, -16.16, 12.30)
Something wrong1!!
13.47598
Something wrong2!!
-17.82597
Something wrong3!!
(5.68, -16.56, 12.30)
Something wrong1!!
13.49412
Something wrong2!!
-18.08024
Something wrong3!!
(5.68, -16.95, 12.30)
Something wrong1!!
13.51078
Something wrong2!!
-18.33682
Something wrong3!!
(5.68, -17.34, 12.30)
Something wrong1!!
13.52275
Something wrong2!!
-18.59561
Something wrong3!!
(5.68, -17.73, 12.30)
Something wrong1!!
13.53202
Something wrong2!!
-18.85651
Something wrong3!!
(5.68, -18.13, 12.30)
Something wrong1!!
13.53877
Something wrong2!!
-19.11945
Something wrong3!!
(5.68, -18.52, 12.30)
Something wrong1!!
13.54313
Something wrong2!!
-19.38434
Something wrong3!!
(5.68, -18.91, 12.30)
Something wrong1!!
13.54536
Something wrong2!!
-19.6511
Something wrong3!!
(5.68, -19.30, 12.30)
Something wrong1!!
13.5451
Something wrong2!!
0
Something wrong3!!
(5.68, -19.70, 12.30)
Something wrong1!!
13.54287
Something wrong2!!
8.075973
Something wrong3!!
(5.68, -20.09, 12.30)
Something wrong1!!
13.53879
Something wrong2!!
8.184747
Something wrong3!!
(5.68, -20.48, 12.30)
Something wrong1!!
13.53298
Something wrong2!!
8.294157
Something wrong3!!
(5.68, -20.87, 12.30)
Something wrong1!!
13.52438
Something wrong2!!
8.404179
Something wrong3!!
(5.68, -21.26, 12.30)
Something wrong1!!
13.51519
Something wrong2!!
8.514788
Something wrong3!!
(5.68, -21.66, 12.30)
Something wrong1!!
13.5046
Something wrong2!!
8.625962
Something wrong3!!
(5.68, -22.05, 12.30)
Something wrong1!!
13.49269
Something wrong2!!
8.737679
Something wrong3!!
(5.68, -22.44, 12.30)
Something wrong1!!
13.47956
Something wrong2!!
8.84992
Something wrong3!!
(5.68, -22.83, 12.30)
Something wrong1!!
13.46299
Something wrong2!!
8.962665
Something wrong3!!
(5.68, -23.23, 12.30)
Something wrong1!!
13.44746
Something wrong2!!
9.075892
Something wrong3!!
(5.68, -23.62, 12.30)
Something wrong1!!
13.43097
Something wrong2!!
9.189588
Something wrong3!!
(5.68, -24.01, 12.30)
Something wrong1!!
13.41358
Something wrong2!!
9.303733
Something wrong3!!
(5.68, -24.40, 12.30)
Something wrong1!!
13.39537
Something wrong2!!
9.41831
Something wrong3!!
(5.68, -24.80, 12.30)
Something wrong1!!
14.1365
Something wrong2!!
9.364669
Something wrong3!!
(6.43, -24.20, 12.75)
Something wrong1!!
13.92817
Something wrong2!!
9.386584
Something wrong3!!
(6.23, -24.39, 12.62)
Something wrong1!!
14.97042
Something wrong2!!
9.270707
Something wrong3!!
(7.31, -23.38, 13.17)
Something wrong1!!
13.50549
Something wrong2!!
9.319009
Something wrong3!!
(6.81, -24.43, 11.76)
Something wrong1!!
14.03039
Something wrong2!!
9.297141
Something wrong3!!
(7.41, -24.07, 12.00)
Something wrong1!!
14.35291
Something wrong2!!
9.246736
Something wrong3!!
(7.74, -23.71, 12.15)
Something wrong1!!
15.31128
Something wrong2!!
9.03504
Something wrong3!!
(8.26, -22.34, 12.93)
Something wrong1!!
15.321
Something wrong2!!
9.143167
Something wrong3!!
(8.26, -22.74, 12.93)
Something wrong1!!
15.34482
Something wrong2!!
0
Something wrong3!!
(8.27, -23.07, 12.94)
Something wrong1!!
16.14333
Something wrong2!!
-22.82395
Something wrong3!!
(9.08, -22.12, 13.35)
Something wrong1!!
17.21117
Something wrong2!!
-22.4536
Something wrong3!!
(10.11, -20.73, 13.94)
Something wrong1!!
15.56783
Something wrong2!!
-22.36386
Something wrong3!!
(9.05, -21.86, 12.67)
Something wrong1!!
14.93505
Something wrong2!!
7.749561
Something wrong3!!
(2.35, -17.82, 14.75)
Something wrong1!!
15.38237
Something wrong2!!
7.619406
Something wrong3!!
(3.38, -16.90, 15.01)
Something wrong1!!
14.93245
Something wrong2!!
7.042768
Something wrong3!!
(5.23, -14.94, 14.00)
Something wrong1!!
14.56547
Something wrong2!!
7.05978
Something wrong3!!
(5.03, -15.32, 13.73)
Something wrong1!!
14.22881
Something wrong2!!
7.06005
Something wrong3!!
(4.70, -15.58, 13.56)
Something wrong1!!
14.33454
Something wrong2!!
-16.65776
Something wrong3!!
(6.61, -13.63, 13.04)
Something wrong1!!
13.30657
Something wrong2!!
-16.63171
Something wrong3!!
(5.71, -14.44, 12.54)
Something wrong1!!
12.78997
Something wrong2!!
-16.66838
Something wrong3!!
(5.44, -14.79, 12.32)
Something wrong1!!
13.74385
Something wrong2!!
-16.53666
Something wrong3!!
(6.10, -13.40, 13.30)
Something wrong1!!
11.89169
Something wrong2!!
-16.2167
Something wrong3!!
(5.75, -14.53, 11.60)
Something wrong1!!
11.10767
Something wrong2!!
-16.32613
Something wrong3!!
(5.33, -15.17, 11.19)
Something wrong1!!
10.7383
Something wrong2!!
-16.53837
Something wrong3!!
(5.13, -15.56, 11.19)
Something wrong1!!
10.34649
Something wrong2!!
-16.75131
Something wrong3!!
(4.93, -15.96, 11.19)
Something wrong1!!
10.18283
Something wrong2!!
-16.69986
Something wrong3!!
(5.04, -15.74, 11.33)
Something wrong1!!
-10.67968
Something wrong2!!
5.310757
Something wrong3!!
(9.51, -11.81, 4.88)
Something wrong1!!
-10.54546
Something wrong2!!
5.266455
Something wrong3!!
(9.40, -11.74, 4.85)
Something wrong1!!
-10.29683
Something wrong2!!
5.297791
Something wrong3!!
(9.17, -12.08, 4.77)
Something wrong1!!
-10.17257
Something wrong2!!
5.21087
Something wrong3!!
(9.40, -11.84, 3.99)
Something wrong1!!
-10.18155
Something wrong2!!
5.187884
Something wrong3!!
(9.35, -11.73, 4.13)
Something wrong1!!
-10.52954
Something wrong2!!
5.071732
Something wrong3!!
(9.19, -10.93, 5.26)
Something wrong1!!
-10.03463
Something wrong2!!
5.080432
Something wrong3!!
(9.03, -11.40, 4.56)
Something wrong1!!
-10.70255
Something wrong2!!
4.821871
Something wrong3!!
(9.84, -9.55, 4.61)
Something wrong1!!
-10.91077
Something wrong2!!
4.8103
Something wrong3!!
(10.20, -9.23, 4.37)
Something wrong1!!
-10.02627
Something wrong2!!
4.873883
Something wrong3!!
(10.07, -10.45, 1.76)
Something wrong1!!
-10.51337
Something wrong2!!
4.400681
Something wrong3!!
(10.46, -7.74, 2.24)
Something wrong1!!
-10.00793
Something wrong2!!
5.200412
Something wrong3!!
(7.97, -11.97, 6.06)
Something wrong1!!
-10.3231
Something wrong2!!
5.213892
Something wrong3!!
(8.42, -11.75, 5.97)
Something wrong1!!
-10.11858
Something wrong2!!
5.113688
Something wrong3!!
(8.98, -11.44, 4.90)
Something wrong1!!
-10.1994
Something wrong2!!
5.029749
Something wrong3!!
(8.99, -10.97, 5.15)
Something wrong1!!
-11.28941
Something wrong2!!
4.547118
Something wrong3!!
(10.00, -7.33, 5.68)
Something wrong1!!
-10.12772
Something wrong2!!
4.460205
Something wrong3!!
(9.54, -8.40, 4.19)
Setting up 128 worker threads for Enlighten.
Memory Statistics:
[ALLOC_TEMP_TLS] TLS Allocator
  StackAllocators : 
    [ALLOC_TEMP_MAIN]
      Peak usage frame count: [32.0 KB-64.0 KB]: 105983 frames, [4.0 MB-8.0 MB]: 1 frames
      Initial Block Size 4.0 MB
      Current Block Size 4.0 MB
      Peak Allocated Bytes 4.0 MB
      Overflow Count 2
    [ALLOC_TEMP_Job.Worker 18]
      Initial Block Size 256.0 KB
      Current Block Size 256.0 KB
      Peak Allocated Bytes 0 B
      Overflow Count 0
    [ALLOC_TEMP_Job.Worker 42]
      Initial Block Size 256.0 KB
      Current Block Size 256.0 KB
      Peak Allocated Bytes 0 B
      Overflow Count 0
    [ALLOC_TEMP_Job.Worker 58]
      Initial Block Size 256.0 KB
      Current Block Size 256.0 KB
      Peak Allocated Bytes 0 B
      Overflow Count 0
    [ALLOC_TEMP_Job.Worker 44]
      Initial Block Size 256.0 KB
      Current Block Size 256.0 KB
      Peak Allocated Bytes 0 B
      Overflow Count 0
    [ALLOC_TEMP_Job.Worker 73]
      Initial Block Size 256.0 KB
      Current Block Size 256.0 KB
      Peak Allocated Bytes 0 B
      Overflow Count 0
    [ALLOC_TEMP_Background Job.Worker 10]
      Initial Block Size 32.0 KB
      Current Block Size 32.0 KB
      Peak Allocated Bytes 0 B
      Overflow Count 0
    [ALLOC_TEMP_Job.Worker 40]
      Initial Block Size 256.0 KB
      Current Block Size 256.0 KB
      Peak Allocated Bytes 0 B
      Overflow Count 0
    [ALLOC_TEMP_Job.Worker 36]
      Initial Block Size 256.0 KB
      Current Block Size 256.0 KB
      Peak Allocated Bytes 0 B
      Overflow Count 0
    [ALLOC_TEMP_Job.Worker 77]
      Initial Block Size 256.0 KB
      Current Block Size 256.0 KB
      Peak Allocated Bytes 0 B
      Overflow Count 0
    [ALLOC_TEMP_Job.Worker 16]
      Initial Block Size 256.0 KB
      Current Block Size 256.0 KB
      Peak Allocated Bytes 0 B
      Overflow Count 0
    [ALLOC_TEMP_Background Job.Worker 6]
      Initial Block Size 32.0 KB
      Current Block Size 32.0 KB
      Peak Allocated Bytes 0 B
      Overflow Count 0
    [ALLOC_TEMP_Job.Worker 4]
      Initial Block Size 256.0 KB
      Current Block Size 256.0 KB
      Peak Allocated Bytes 0 B
      Overflow Count 0
    [ALLOC_TEMP_Job.Worker 27]
      Initial Block Size 256.0 KB
      Current Block Size 256.0 KB
      Peak Allocated Bytes 0 B
      Overflow Count 0
    [ALLOC_TEMP_Job.Worker 52]
      Initial Block Size 256.0 KB
      Current Block Size 256.0 KB
      Peak Allocated Bytes 0 B
      Overflow Count 0
    [ALLOC_TEMP_Job.Worker 60]
      Initial Block Size 256.0 KB
      Current Block Size 256.0 KB
      Peak Allocated Bytes 0 B
      Overflow Count 0
    [ALLOC_TEMP_Job.Worker 110]
      Initial Block Size 256.0 KB
      Current Block Size 256.0 KB
      Peak Allocated Bytes 29.0 KB
      Overflow Count 0
    [ALLOC_TEMP_Job.Worker 85]
      Initial Block Size 256.0 KB
      Current Block Size 256.0 KB
      Peak Allocated Bytes 0 B
      Overflow Count 0
    [ALLOC_TEMP_Job.Worker 103]
      Initial Block Size 256.0 KB
      Current Block Size 256.0 KB
      Peak Allocated Bytes 0 B
      Overflow Count 0
    [ALLOC_TEMP_Job.Worker 70]
      Initial Block Size 256.0 KB
      Current Block Size 256.0 KB
      Peak Allocated Bytes 0 B
      Overflow Count 0
    [ALLOC_TEMP_Job.Worker 79]
      Initial Block Size 256.0 KB
      Current Block Size 256.0 KB
      Peak Allocated Bytes 0 B
      Overflow Count 0
    [ALLOC_TEMP_Background Job.Worker 1]
      Initial Block Size 32.0 KB
      Current Block Size 32.0 KB
      Peak Allocated Bytes 0 B
      Overflow Count 0
    [ALLOC_TEMP_Background Job.Worker 8]
      Initial Block Size 32.0 KB
      Current Block Size 32.0 KB
      Peak Allocated Bytes 0 B
      Overflow Count 0
    [ALLOC_TEMP_Job.Worker 78]
      Initial Block Size 256.0 KB
      Current Block Size 256.0 KB
      Peak Allocated Bytes 0 B
      Overflow Count 0
    [ALLOC_TEMP_Job.Worker 66]
      Initial Block Size 256.0 KB
      Current Block Size 256.0 KB
      Peak Allocated Bytes 0 B
      Overflow Count 0
    [ALLOC_TEMP_Job.Worker 74]
      Initial Block Size 256.0 KB
      Current Block Size 256.0 KB
      Peak Allocated Bytes 0 B
      Overflow Count 0
    [ALLOC_TEMP_Job.Worker 101]
      Initial Block Size 256.0 KB
      Current Block Size 256.0 KB
      Peak Allocated Bytes 0 B
      Overflow Count 0
    [ALLOC_TEMP_Job.Worker 53]
      Initial Block Size 256.0 KB
      Current Block Size 256.0 KB
      Peak Allocated Bytes 0 B
      Overflow Count 0
    [ALLOC_TEMP_Job.Worker 38]
      Initial Block Size 256.0 KB
      Current Block Size 256.0 KB
      Peak Allocated Bytes 0 B
      Overflow Count 0
    [ALLOC_TEMP_Background Job.Worker 11]
      Initial Block Size 32.0 KB
      Current Block Size 32.0 KB
      Peak Allocated Bytes 0 B
      Overflow Count 0
    [ALLOC_TEMP_Background Job.Worker 3]
      Initial Block Size 32.0 KB
      Current Block Size 32.0 KB
      Peak Allocated Bytes 0 B
      Overflow Count 0
    [ALLOC_TEMP_Job.Worker 20]
      Initial Block Size 256.0 KB
      Current Block Size 256.0 KB
      Peak Allocated Bytes 0 B
      Overflow Count 0
    [ALLOC_TEMP_Job.Worker 46]
      Initial Block Size 256.0 KB
      Current Block Size 256.0 KB
      Peak Allocated Bytes 0 B
      Overflow Count 0
    [ALLOC_TEMP_BatchDeleteObjects]
      Initial Block Size 64.0 KB
      Current Block Size 64.0 KB
      Peak Allocated Bytes 0 B
      Overflow Count 0
    [ALLOC_TEMP_Job.Worker 43]
      Initial Block Size 256.0 KB
      Current Block Size 256.0 KB
      Peak Allocated Bytes 0 B
      Overflow Count 0
    [ALLOC_TEMP_Job.Worker 106]
      Initial Block Size 256.0 KB
      Current Block Size 256.0 KB
      Peak Allocated Bytes 0 B
      Overflow Count 0
    [ALLOC_TEMP_Job.Worker 96]
      Initial Block Size 256.0 KB
      Current Block Size 256.0 KB
      Peak Allocated Bytes 0 B
      Overflow Count 0
    [ALLOC_TEMP_Job.Worker 30]
      Initial Block Size 256.0 KB
      Current Block Size 256.0 KB
      Peak Allocated Bytes 0 B
      Overflow Count 0
    [ALLOC_TEMP_Job.Worker 51]
      Initial Block Size 256.0 KB
      Current Block Size 256.0 KB
      Peak Allocated Bytes 0 B
      Overflow Count 0
    [ALLOC_TEMP_Job.Worker 63]
      Initial Block Size 256.0 KB
      Current Block Size 256.0 KB
      Peak Allocated Bytes 0 B
      Overflow Count 0
    [ALLOC_TEMP_Job.Worker 86]
      Initial Block Size 256.0 KB
      Current Block Size 256.0 KB
      Peak Allocated Bytes 0 B
      Overflow Count 0
    [ALLOC_TEMP_Job.Worker 21]
      Initial Block Size 256.0 KB
      Current Block Size 256.0 KB
      Peak Allocated Bytes 0 B
      Overflow Count 0
    [ALLOC_TEMP_Job.Worker 82]
      Initial Block Size 256.0 KB
      Current Block Size 256.0 KB
      Peak Allocated Bytes 0 B
      Overflow Count 0
    [ALLOC_TEMP_Job.Worker 26]
      Initial Block Size 256.0 KB
      Current Block Size 256.0 KB
      Peak Allocated Bytes 0 B
      Overflow Count 0
    [ALLOC_TEMP_Job.Worker 25]
      Initial Block Size 256.0 KB
      Current Block Size 256.0 KB
      Peak Allocated Bytes 0 B
      Overflow Count 0
    [ALLOC_TEMP_Job.Worker 100]
      Initial Block Size 256.0 KB
      Current Block Size 256.0 KB
      Peak Allocated Bytes 0 B
      Overflow Count 0
    [ALLOC_TEMP_Job.Worker 39]
      Initial Block Size 256.0 KB
      Current Block Size 256.0 KB
      Peak Allocated Bytes 0 B
      Overflow Count 0
    [ALLOC_TEMP_Job.Worker 111]
      Initial Block Size 256.0 KB
      Current Block Size 256.0 KB
      Peak Allocated Bytes 0 B
      Overflow Count 0
    [ALLOC_TEMP_Job.Worker 92]
      Initial Block Size 256.0 KB
      Current Block Size 256.0 KB
      Peak Allocated Bytes 0 B
      Overflow Count 0
    [ALLOC_TEMP_Job.Worker 31]
      Initial Block Size 256.0 KB
      Current Block Size 256.0 KB
      Peak Allocated Bytes 0 B
      Overflow Count 0
    [ALLOC_TEMP_Job.Worker 71]
      Initial Block Size 256.0 KB
      Current Block Size 256.0 KB
      Peak Allocated Bytes 0 B
      Overflow Count 0
    [ALLOC_TEMP_Job.Worker 47]
      Initial Block Size 256.0 KB
      Current Block Size 256.0 KB
      Peak Allocated Bytes 0 B
      Overflow Count 0
    [ALLOC_TEMP_Job.Worker 29]
      Initial Block Size 256.0 KB
      Current Block Size 256.0 KB
      Peak Allocated Bytes 0 B
      Overflow Count 0
    [ALLOC_TEMP_Job.Worker 13]
      Initial Block Size 256.0 KB
      Current Block Size 256.0 KB
      Peak Allocated Bytes 0 B
      Overflow Count 0
    [ALLOC_TEMP_Background Job.Worker 15]
      Initial Block Size 32.0 KB
      Current Block Size 32.0 KB
      Peak Allocated Bytes 0 B
      Overflow Count 0
    [ALLOC_TEMP_Job.Worker 76]
      Initial Block Size 256.0 KB
      Current Block Size 256.0 KB
      Peak Allocated Bytes 0 B
      Overflow Count 0
    [ALLOC_TEMP_Job.Worker 55]
      Initial Block Size 256.0 KB
      Current Block Size 256.0 KB
      Peak Allocated Bytes 0 B
      Overflow Count 0
    [ALLOC_TEMP_Job.Worker 98]
      Initial Block Size 256.0 KB
      Current Block Size 256.0 KB
      Peak Allocated Bytes 0 B
      Overflow Count 0
    [ALLOC_TEMP_Background Job.Worker 7]
      Initial Block Size 32.0 KB
      Current Block Size 32.0 KB
      Peak Allocated Bytes 0 B
      Overflow Count 0
    [ALLOC_TEMP_Job.Worker 22]
      Initial Block Size 256.0 KB
      Current Block Size 256.0 KB
      Peak Allocated Bytes 0 B
      Overflow Count 0
    [ALLOC_TEMP_Job.Worker 80]
      Initial Block Size 256.0 KB
      Current Block Size 256.0 KB
      Peak Allocated Bytes 0 B
      Overflow Count 0
    [ALLOC_TEMP_Job.Worker 75]
      Initial Block Size 256.0 KB
      Current Block Size 256.0 KB
      Peak Allocated Bytes 0 B
      Overflow Count 0
    [ALLOC_TEMP_Job.Worker 35]
      Initial Block Size 256.0 KB
      Current Block Size 256.0 KB
      Peak Allocated Bytes 0 B
      Overflow Count 0
    [ALLOC_TEMP_Job.Worker 67]
      Initial Block Size 256.0 KB
      Current Block Size 256.0 KB
      Peak Allocated Bytes 0 B
      Overflow Count 0
    [ALLOC_TEMP_Background Job.Worker 2]
      Initial Block Size 32.0 KB
      Current Block Size 32.0 KB
      Peak Allocated Bytes 0 B
      Overflow Count 0
    [ALLOC_TEMP_Job.Worker 8]
      Initial Block Size 256.0 KB
      Current Block Size 256.0 KB
      Peak Allocated Bytes 15.6 KB
      Overflow Count 0
    [ALLOC_TEMP_Job.Worker 90]
      Initial Block Size 256.0 KB
      Current Block Size 256.0 KB
      Peak Allocated Bytes 0 B
      Overflow Count 0
    [ALLOC_TEMP_Job.Worker 23]
      Initial Block Size 256.0 KB
      Current Block Size 256.0 KB
      Peak Allocated Bytes 0 B
      Overflow Count 0
    [ALLOC_TEMP_Job.Worker 32]
      Initial Block Size 256.0 KB
      Current Block Size 256.0 KB
      Peak Allocated Bytes 0 B
      Overflow Count 0
    [ALLOC_TEMP_Job.Worker 1]
      Initial Block Size 256.0 KB
      Current Block Size 256.0 KB
      Peak Allocated Bytes 0 B
      Overflow Count 0
    [ALLOC_TEMP_Job.Worker 59]
      Initial Block Size 256.0 KB
      Current Block Size 256.0 KB
      Peak Allocated Bytes 0 B
      Overflow Count 0
    [ALLOC_TEMP_Job.Worker 33]
      Initial Block Size 256.0 KB
      Current Block Size 256.0 KB
      Peak Allocated Bytes 0 B
      Overflow Count 0
    [ALLOC_TEMP_Job.Worker 49]
      Initial Block Size 256.0 KB
      Current Block Size 256.0 KB
      Peak Allocated Bytes 0 B
      Overflow Count 0
    [ALLOC_TEMP_Job.Worker 10]
      Initial Block Size 256.0 KB
      Current Block Size 256.0 KB
      Peak Allocated Bytes 0 B
      Overflow Count 0
    [ALLOC_TEMP_Job.Worker 24]
      Initial Block Size 256.0 KB
      Current Block Size 256.0 KB
      Peak Allocated Bytes 0 B
      Overflow Count 0
    [ALLOC_TEMP_Job.Worker 15]
      Initial Block Size 256.0 KB
      Current Block Size 256.0 KB
      Peak Allocated Bytes 0 B
      Overflow Count 0
    [ALLOC_TEMP_Job.Worker 12]
      Initial Block Size 256.0 KB
      Current Block Size 256.0 KB
      Peak Allocated Bytes 0 B
      Overflow Count 0
    [ALLOC_TEMP_Job.Worker 83]
      Initial Block Size 256.0 KB
      Current Block Size 256.0 KB
      Peak Allocated Bytes 0 B
      Overflow Count 0
    [ALLOC_TEMP_Loading.PreloadManager]
      Initial Block Size 256.0 KB
      Current Block Size 384.0 KB
      Peak Allocated Bytes 346.7 KB
      Overflow Count 5
    [ALLOC_TEMP_Job.Worker 107]
      Initial Block Size 256.0 KB
      Current Block Size 256.0 KB
      Peak Allocated Bytes 0 B
      Overflow Count 0
    [ALLOC_TEMP_Job.Worker 87]
      Initial Block Size 256.0 KB
      Current Block Size 256.0 KB
      Peak Allocated Bytes 0 B
      Overflow Count 0
    [ALLOC_TEMP_Job.Worker 99]
      Initial Block Size 256.0 KB
      Current Block Size 256.0 KB
      Peak Allocated Bytes 0 B
      Overflow Count 0
    [ALLOC_TEMP_Job.Worker 109]
      Initial Block Size 256.0 KB
      Current Block Size 256.0 KB
      Peak Allocated Bytes 0 B
      Overflow Count 0
    [ALLOC_TEMP_Job.Worker 108]
      Initial Block Size 256.0 KB
      Current Block Size 256.0 KB
      Peak Allocated Bytes 0 B
      Overflow Count 0
    [ALLOC_TEMP_Job.Worker 17]
      Initial Block Size 256.0 KB
      Current Block Size 256.0 KB
      Peak Allocated Bytes 0 B
      Overflow Count 0
    [ALLOC_TEMP_Job.Worker 65]
      Initial Block Size 256.0 KB
      Current Block Size 256.0 KB
      Peak Allocated Bytes 0 B
      Overflow Count 0
    [ALLOC_TEMP_Job.Worker 3]
      Initial Block Size 256.0 KB
      Current Block Size 256.0 KB
      Peak Allocated Bytes 19.5 KB
      Overflow Count 0
    [ALLOC_TEMP_Job.Worker 97]
      Initial Block Size 256.0 KB
      Current Block Size 256.0 KB
      Peak Allocated Bytes 0 B
      Overflow Count 0
    [ALLOC_TEMP_Job.Worker 14]
      Initial Block Size 256.0 KB
      Current Block Size 256.0 KB
      Peak Allocated Bytes 0 B
      Overflow Count 0
    [ALLOC_TEMP_Background Job.Worker 12]
      Initial Block Size 32.0 KB
      Current Block Size 32.0 KB
      Peak Allocated Bytes 0 B
      Overflow Count 0
    [ALLOC_TEMP_AssetGarbageCollectorHelper] x 255
      Initial Block Size 64.0 KB
      Current Block Size 64.0 KB
      Peak Allocated Bytes 0 B
      Overflow Count 0
    [ALLOC_TEMP_Background Job.Worker 5]
      Initial Block Size 32.0 KB
      Current Block Size 32.0 KB
      Peak Allocated Bytes 0 B
      Overflow Count 0
    [ALLOC_TEMP_Job.Worker 56]
      Initial Block Size 256.0 KB
      Current Block Size 256.0 KB
      Peak Allocated Bytes 0 B
      Overflow Count 0
    [ALLOC_TEMP_Background Job.Worker 13]
      Initial Block Size 32.0 KB
      Current Block Size 32.0 KB
      Peak Allocated Bytes 0 B
      Overflow Count 0
    [ALLOC_TEMP_Job.Worker 88]
      Initial Block Size 256.0 KB
      Current Block Size 256.0 KB
      Peak Allocated Bytes 0 B
      Overflow Count 0
    [ALLOC_TEMP_Job.Worker 37]
      Initial Block Size 256.0 KB
      Current Block Size 256.0 KB
      Peak Allocated Bytes 0 B
      Overflow Count 0
    [ALLOC_TEMP_Job.Worker 84]
      Initial Block Size 256.0 KB
      Current Block Size 256.0 KB
      Peak Allocated Bytes 0 B
      Overflow Count 0
    [ALLOC_TEMP_Job.Worker 62]
      Initial Block Size 256.0 KB
      Current Block Size 256.0 KB
      Peak Allocated Bytes 0 B
      Overflow Count 0
    [ALLOC_TEMP_Job.Worker 50]
      Initial Block Size 256.0 KB
      Current Block Size 256.0 KB
      Peak Allocated Bytes 0 B
      Overflow Count 0
    [ALLOC_TEMP_Job.Worker 2]
      Initial Block Size 256.0 KB
      Current Block Size 256.0 KB
      Peak Allocated Bytes 0 B
      Overflow Count 0
    [ALLOC_TEMP_Job.Worker 54]
      Initial Block Size 256.0 KB
      Current Block Size 256.0 KB
      Peak Allocated Bytes 0 B
      Overflow Count 0
    [ALLOC_TEMP_Job.Worker 94]
      Initial Block Size 256.0 KB
      Current Block Size 256.0 KB
      Peak Allocated Bytes 0 B
      Overflow Count 0
    [ALLOC_TEMP_Background Job.Worker 0]
      Initial Block Size 32.0 KB
      Current Block Size 32.0 KB
      Peak Allocated Bytes 0 B
      Overflow Count 0
    [ALLOC_TEMP_Job.Worker 41]
      Initial Block Size 256.0 KB
      Current Block Size 256.0 KB
      Peak Allocated Bytes 0 B
      Overflow Count 0
    [ALLOC_TEMP_Job.Worker 11]
      Initial Block Size 256.0 KB
      Current Block Size 256.0 KB
      Peak Allocated Bytes 0 B
      Overflow Count 0
    [ALLOC_TEMP_Background Job.Worker 4]
      Initial Block Size 32.0 KB
      Current Block Size 32.0 KB
      Peak Allocated Bytes 0 B
      Overflow Count 0
    [ALLOC_TEMP_Job.Worker 81]
      Initial Block Size 256.0 KB
      Current Block Size 256.0 KB
      Peak Allocated Bytes 0 B
      Overflow Count 0
    [ALLOC_TEMP_Job.Worker 6]
      Initial Block Size 256.0 KB
      Current Block Size 256.0 KB
      Peak Allocated Bytes 14.0 KB
      Overflow Count 0
    [ALLOC_TEMP_Job.Worker 0]
      Initial Block Size 256.0 KB
      Current Block Size 256.0 KB
      Peak Allocated Bytes 0 B
      Overflow Count 0
    [ALLOC_TEMP_Background Job.Worker 9]
      Initial Block Size 32.0 KB
      Current Block Size 32.0 KB
      Peak Allocated Bytes 0 B
      Overflow Count 0
    [ALLOC_TEMP_Job.Worker 5]
      Initial Block Size 256.0 KB
      Current Block Size 256.0 KB
      Peak Allocated Bytes 0 B
      Overflow Count 0
    [ALLOC_TEMP_Job.Worker 64]
      Initial Block Size 256.0 KB
      Current Block Size 256.0 KB
      Peak Allocated Bytes 0 B
      Overflow Count 0
    [ALLOC_TEMP_Background Job.Worker 14]
      Initial Block Size 32.0 KB
      Current Block Size 32.0 KB
      Peak Allocated Bytes 0 B
      Overflow Count 0
    [ALLOC_TEMP_Job.Worker 91]
      Initial Block Size 256.0 KB
      Current Block Size 256.0 KB
      Peak Allocated Bytes 0 B
      Overflow Count 0
    [ALLOC_TEMP_Job.Worker 57]
      Initial Block Size 256.0 KB
      Current Block Size 256.0 KB
      Peak Allocated Bytes 0 B
      Overflow Count 0
    [ALLOC_TEMP_Job.Worker 95]
      Initial Block Size 256.0 KB
      Current Block Size 256.0 KB
      Peak Allocated Bytes 0 B
      Overflow Count 0
    [ALLOC_TEMP_Job.Worker 48]
      Initial Block Size 256.0 KB
      Current Block Size 256.0 KB
      Peak Allocated Bytes 0 B
      Overflow Count 0
    [ALLOC_TEMP_Job.Worker 68]
      Initial Block Size 256.0 KB
      Current Block Size 256.0 KB
      Peak Allocated Bytes 0 B
      Overflow Count 0
    [ALLOC_TEMP_Job.Worker 34]
      Initial Block Size 256.0 KB
      Current Block Size 256.0 KB
      Peak Allocated Bytes 0 B
      Overflow Count 0
    [ALLOC_TEMP_Job.Worker 89]
      Initial Block Size 256.0 KB
      Current Block Size 256.0 KB
      Peak Allocated Bytes 0 B
      Overflow Count 0
    [ALLOC_TEMP_Job.Worker 72]
      Initial Block Size 256.0 KB
      Current Block Size 256.0 KB
      Peak Allocated Bytes 0 B
      Overflow Count 0
    [ALLOC_TEMP_EnlightenWorker] x 128
      Initial Block Size 64.0 KB
      Current Block Size 64.0 KB
      Peak Allocated Bytes 0 B
      Overflow Count 0
    [ALLOC_TEMP_Job.Worker 104]
      Initial Block Size 256.0 KB
      Current Block Size 256.0 KB
      Peak Allocated Bytes 0 B
      Overflow Count 0
    [ALLOC_TEMP_Job.Worker 28]
      Initial Block Size 256.0 KB
      Current Block Size 256.0 KB
      Peak Allocated Bytes 0 B
      Overflow Count 0
    [ALLOC_TEMP_Job.Worker 69]
      Initial Block Size 256.0 KB
      Current Block Size 256.0 KB
      Peak Allocated Bytes 0 B
      Overflow Count 0
    [ALLOC_TEMP_Job.Worker 61]
      Initial Block Size 256.0 KB
      Current Block Size 256.0 KB
      Peak Allocated Bytes 0 B
      Overflow Count 0
    [ALLOC_TEMP_Job.Worker 9]
      Initial Block Size 256.0 KB
      Current Block Size 256.0 KB
      Peak Allocated Bytes 0 B
      Overflow Count 0
    [ALLOC_TEMP_Job.Worker 102]
      Initial Block Size 256.0 KB
      Current Block Size 256.0 KB
      Peak Allocated Bytes 0 B
      Overflow Count 0
    [ALLOC_TEMP_Job.Worker 93]
      Initial Block Size 256.0 KB
      Current Block Size 256.0 KB
      Peak Allocated Bytes 0 B
      Overflow Count 0
    [ALLOC_TEMP_Job.Worker 7]
      Initial Block Size 256.0 KB
      Current Block Size 256.0 KB
      Peak Allocated Bytes 0 B
      Overflow Count 0
    [ALLOC_TEMP_Job.Worker 105]
      Initial Block Size 256.0 KB
      Current Block Size 256.0 KB
      Peak Allocated Bytes 0 B
      Overflow Count 0
    [ALLOC_TEMP_Job.Worker 19]
      Initial Block Size 256.0 KB
      Current Block Size 256.0 KB
      Peak Allocated Bytes 0 B
      Overflow Count 0
    [ALLOC_TEMP_Job.Worker 45]
      Initial Block Size 256.0 KB
      Current Block Size 256.0 KB
      Peak Allocated Bytes 0 B
      Overflow Count 0
    [ALLOC_TEMP_Loading.AsyncRead]
      Initial Block Size 64.0 KB
      Current Block Size 64.0 KB
      Peak Allocated Bytes 214 B
      Overflow Count 0
[ALLOC_DEFAULT] Dual Thread Allocator
  Peak main deferred allocation count 5205
    [ALLOC_BUCKET]
      Large Block size 4.0 MB
      Used Block count 1
      Peak Allocated bytes 2.8 MB
    [ALLOC_DEFAULT_MAIN]
      Peak usage frame count: [64.0 MB-128.0 MB]: 105983 frames, [128.0 MB-256.0 MB]: 1 frames
      Requested Block Size 16.0 MB
      Peak Block count 2
      Peak Allocated memory 133.2 MB
      Peak Large allocation bytes 128.1 MB
    [ALLOC_DEFAULT_THREAD]
      Peak usage frame count: [32.0 MB-64.0 MB]: 105984 frames
      Requested Block Size 16.0 MB
      Peak Block count 1
      Peak Allocated memory 46.4 MB
      Peak Large allocation bytes 32.0 MB
[ALLOC_TEMP_JOB_1_FRAME]
  Initial Block Size 2.0 MB
  Used Block Count 1
  Overflow Count (too large) 0
  Overflow Count (full) 0
[ALLOC_TEMP_JOB_2_FRAMES]
  Initial Block Size 2.0 MB
  Used Block Count 1
  Overflow Count (too large) 0
  Overflow Count (full) 0
[ALLOC_TEMP_JOB_4_FRAMES (JobTemp)]
  Initial Block Size 2.0 MB
  Used Block Count 2
  Overflow Count (too large) 2
  Overflow Count (full) 0
[ALLOC_TEMP_JOB_ASYNC (Background)]
  Initial Block Size 1.0 MB
  Used Block Count 4
  Overflow Count (too large) 0
  Overflow Count (full) 0
[ALLOC_GFX] Dual Thread Allocator
  Peak main deferred allocation count 0
    [ALLOC_BUCKET]
      Large Block size 4.0 MB
      Used Block count 1
      Peak Allocated bytes 2.8 MB
    [ALLOC_GFX_MAIN]
      Peak usage frame count: [64.0 MB-128.0 MB]: 105984 frames
      Requested Block Size 16.0 MB
      Peak Block count 1
      Peak Allocated memory 85.4 MB
      Peak Large allocation bytes 85.4 MB
    [ALLOC_GFX_THREAD]
      Peak usage frame count: [2.0 MB-4.0 MB]: 105984 frames
      Requested Block Size 16.0 MB
      Peak Block count 1
      Peak Allocated memory 2.8 MB
      Peak Large allocation bytes 0 B
[ALLOC_CACHEOBJECTS] Dual Thread Allocator
  Peak main deferred allocation count 0
    [ALLOC_BUCKET]
      Large Block size 4.0 MB
      Used Block count 1
      Peak Allocated bytes 2.8 MB
    [ALLOC_CACHEOBJECTS_MAIN]
      Peak usage frame count: [1.0 MB-2.0 MB]: 105983 frames, [16.0 MB-32.0 MB]: 1 frames
      Requested Block Size 4.0 MB
      Peak Block count 2
      Peak Allocated memory 30.9 MB
      Peak Large allocation bytes 24.9 MB
    [ALLOC_CACHEOBJECTS_THREAD]
      Peak usage frame count: [1.0 MB-2.0 MB]: 105983 frames, [8.0 MB-16.0 MB]: 1 frames
      Requested Block Size 4.0 MB
      Peak Block count 3
      Peak Allocated memory 10.4 MB
      Peak Large allocation bytes 0 B
[ALLOC_TYPETREE] Dual Thread Allocator
  Peak main deferred allocation count 0
    [ALLOC_BUCKET]
      Large Block size 4.0 MB
      Used Block count 1
      Peak Allocated bytes 2.8 MB
    [ALLOC_TYPETREE_MAIN]
      Peak usage frame count: [0-1.0 KB]: 105984 frames
      Requested Block Size 2.0 MB
      Peak Block count 1
      Peak Allocated memory 1.1 KB
      Peak Large allocation bytes 0 B
    [ALLOC_TYPETREE_THREAD]
      Peak usage frame count: [1.0 KB-2.0 KB]: 105983 frames, [2.0 KB-4.0 KB]: 1 frames
      Requested Block Size 2.0 MB
      Peak Block count 1
      Peak Allocated memory 2.2 KB
      Peak Large allocation bytes 0 B
