Mono path[0] = '/home/shreya/uneven-terrain-driver/difficult-privileged-without-cbf/difficult-privileged_Data/Managed'
Mono config path = '/home/shreya/uneven-terrain-driver/difficult-privileged-without-cbf/difficult-privileged_Data/MonoBleedingEdge/etc'
Preloaded 'lib_burst_generated.so'
Preloaded 'libgrpc_csharp_ext.x64.so'
Initialize engine version: 2021.3.24f1 (cf10dcf7010d)
[Subsystems] Discovering subsystems at path /home/shreya/uneven-terrain-driver/difficult-privileged-without-cbf/difficult-privileged_Data/UnitySubsystems
Forcing GfxDevice: Null
GfxDevice: creating device client; threaded=0; jobified=0
NullGfxDevice:
    Version:  NULL 1.0 [1.0]
    Renderer: Null Device
    Vendor:   Unity Technologies
ALSA lib confmisc.c:767:(parse_card) cannot find card '0'
ALSA lib conf.c:4732:(_snd_config_evaluate) function snd_func_card_driver returned error: No such file or directory
ALSA lib confmisc.c:392:(snd_func_concat) error evaluating strings
ALSA lib conf.c:4732:(_snd_config_evaluate) function snd_func_concat returned error: No such file or directory
ALSA lib confmisc.c:1246:(snd_func_refer) error evaluating name
ALSA lib conf.c:4732:(_snd_config_evaluate) function snd_func_refer returned error: No such file or directory
ALSA lib conf.c:5220:(snd_config_expand) Evaluate error: No such file or directory
ALSA lib pcm.c:2642:(snd_pcm_open_noupdate) Unknown PCM default
FMOD failed to initialize the output device.: "Error initializing output device. " (60)
Forced to initialize FMOD to to the device driver's system output rate 48000, this may impact performance and/or give inconsistent experiences compared to selected sample rate 48000
ALSA lib confmisc.c:767:(parse_card) cannot find card '0'
ALSA lib conf.c:4732:(_snd_config_evaluate) function snd_func_card_driver returned error: No such file or directory
ALSA lib confmisc.c:392:(snd_func_concat) error evaluating strings
ALSA lib conf.c:4732:(_snd_config_evaluate) function snd_func_concat returned error: No such file or directory
ALSA lib confmisc.c:1246:(snd_func_refer) error evaluating name
ALSA lib conf.c:4732:(_snd_config_evaluate) function snd_func_refer returned error: No such file or directory
ALSA lib conf.c:5220:(snd_config_expand) Evaluate error: No such file or directory
ALSA lib pcm.c:2642:(snd_pcm_open_noupdate) Unknown PCM default
FMOD failed to initialize the output device.: "Error initializing output device. " (60)
FMOD initialized on nosound output
Begin MonoManager ReloadAssembly
- Completed reload, in  0.083 seconds
ERROR: Shader Hidden/Universal Render Pipeline/Blit shader is not supported on this GPU (none of subshaders/fallbacks are suitable)
ERROR: Shader Hidden/Universal Render Pipeline/CopyDepth shader is not supported on this GPU (none of subshaders/fallbacks are suitable)
ERROR: Shader Hidden/Universal Render Pipeline/Sampling shader is not supported on this GPU (none of subshaders/fallbacks are suitable)
ERROR: Shader Hidden/Universal Render Pipeline/LutBuilderLdr shader is not supported on this GPU (none of subshaders/fallbacks are suitable)
ERROR: Shader Hidden/Universal Render Pipeline/LutBuilderHdr shader is not supported on this GPU (none of subshaders/fallbacks are suitable)
ERROR: Shader Hidden/Universal Render Pipeline/UberPost shader is not supported on this GPU (none of subshaders/fallbacks are suitable)
ERROR: Shader Hidden/Universal Render Pipeline/Debug/DebugReplacement shader is not supported on this GPU (none of subshaders/fallbacks are suitable)
WARNING: Shader Unsupported: 'Hidden/Universal Render Pipeline/FallbackError' - All subshaders removed
WARNING: Shader Did you use #pragma only_renderers and omit this platform?
WARNING: Shader If subshaders removal was intentional, you may have forgotten turning Fallback off?
ERROR: Shader Hidden/Universal Render Pipeline/FallbackError shader is not supported on this GPU (none of subshaders/fallbacks are suitable)
WARNING: Shader Unsupported: 'Hidden/Universal Render Pipeline/FallbackError' - All subshaders removed
WARNING: Shader Did you use #pragma only_renderers and omit this platform?
WARNING: Shader If subshaders removal was intentional, you may have forgotten turning Fallback off?
WARNING: Shader Unsupported: 'Hidden/Universal Render Pipeline/StencilDeferred' - All subshaders removed
WARNING: Shader Did you use #pragma only_renderers and omit this platform?
WARNING: Shader If subshaders removal was intentional, you may have forgotten turning Fallback off?
WARNING: Shader Unsupported: 'Hidden/Universal Render Pipeline/StencilDeferred' - All subshaders removed
WARNING: Shader Did you use #pragma only_renderers and omit this platform?
WARNING: Shader If subshaders removal was intentional, you may have forgotten turning Fallback off?
ERROR: Shader Hidden/kMotion/CameraMotionVectors shader is not supported on this GPU (none of subshaders/fallbacks are suitable)
ERROR: Shader Hidden/kMotion/ObjectMotionVectors shader is not supported on this GPU (none of subshaders/fallbacks are suitable)
ERROR: Shader Hidden/Universal Render Pipeline/Stop NaN shader is not supported on this GPU (none of subshaders/fallbacks are suitable)
ERROR: Shader Hidden/Universal Render Pipeline/SubpixelMorphologicalAntialiasing shader is not supported on this GPU (none of subshaders/fallbacks are suitable)
ERROR: Shader Hidden/Universal Render Pipeline/GaussianDepthOfField shader is not supported on this GPU (none of subshaders/fallbacks are suitable)
ERROR: Shader Hidden/Universal Render Pipeline/BokehDepthOfField shader is not supported on this GPU (none of subshaders/fallbacks are suitable)
ERROR: Shader Hidden/Universal Render Pipeline/CameraMotionBlur shader is not supported on this GPU (none of subshaders/fallbacks are suitable)
ERROR: Shader Hidden/Universal Render Pipeline/PaniniProjection shader is not supported on this GPU (none of subshaders/fallbacks are suitable)
ERROR: Shader Hidden/Universal Render Pipeline/Bloom shader is not supported on this GPU (none of subshaders/fallbacks are suitable)
ERROR: Shader Hidden/Universal Render Pipeline/LensFlareDataDriven shader is not supported on this GPU (none of subshaders/fallbacks are suitable)
ERROR: Shader Hidden/Universal Render Pipeline/Scaling Setup shader is not supported on this GPU (none of subshaders/fallbacks are suitable)
ERROR: Shader Hidden/Universal Render Pipeline/Edge Adaptive Spatial Upsampling shader is not supported on this GPU (none of subshaders/fallbacks are suitable)
ERROR: Shader Hidden/Universal Render Pipeline/FinalPost shader is not supported on this GPU (none of subshaders/fallbacks are suitable)
ERROR: Shader Sprites/Default shader is not supported on this GPU (none of subshaders/fallbacks are suitable)
ERROR: Shader Sprites/Mask shader is not supported on this GPU (none of subshaders/fallbacks are suitable)
WARNING: Shader Unsupported: 'Universal Render Pipeline/Simple Lit' - All subshaders removed
WARNING: Shader Did you use #pragma only_renderers and omit this platform?
WARNING: Shader If subshaders removal was intentional, you may have forgotten turning Fallback off?
ERROR: Shader Universal Render Pipeline/Simple Lit shader is not supported on this GPU (none of subshaders/fallbacks are suitable)
WARNING: Shader Unsupported: 'Universal Render Pipeline/Simple Lit' - All subshaders removed
WARNING: Shader Did you use #pragma only_renderers and omit this platform?
WARNING: Shader If subshaders removal was intentional, you may have forgotten turning Fallback off?
ERROR: Shader Hidden/TerrainEngine/Details/UniversalPipeline/BillboardWavingDoublePass shader is not supported on this GPU (none of subshaders/fallbacks are suitable)
ERROR: Shader Custom/haha shader is not supported on this GPU (none of subshaders/fallbacks are suitable)
ERROR: Shader Hidden/Universal Render Pipeline/Terrain/Lit (Basemap Gen) shader is not supported on this GPU (none of subshaders/fallbacks are suitable)
WARNING: Shader Unsupported: 'Universal Render Pipeline/Lit' - All subshaders removed
WARNING: Shader Did you use #pragma only_renderers and omit this platform?
WARNING: Shader If subshaders removal was intentional, you may have forgotten turning Fallback off?
ERROR: Shader Universal Render Pipeline/Lit shader is not supported on this GPU (none of subshaders/fallbacks are suitable)
WARNING: Shader Unsupported: 'Universal Render Pipeline/Lit' - All subshaders removed
WARNING: Shader Did you use #pragma only_renderers and omit this platform?
WARNING: Shader If subshaders removal was intentional, you may have forgotten turning Fallback off?
WARNING: Shader Unsupported: 'Hidden/Universal Render Pipeline/Terrain/Lit (Add Pass)' - All subshaders removed
WARNING: Shader Did you use #pragma only_renderers and omit this platform?
WARNING: Shader If subshaders removal was intentional, you may have forgotten turning Fallback off?
ERROR: Shader Hidden/Universal Render Pipeline/Terrain/Lit (Add Pass) shader is not supported on this GPU (none of subshaders/fallbacks are suitable)
WARNING: Shader Unsupported: 'Hidden/Universal Render Pipeline/Terrain/Lit (Add Pass)' - All subshaders removed
WARNING: Shader Did you use #pragma only_renderers and omit this platform?
WARNING: Shader If subshaders removal was intentional, you may have forgotten turning Fallback off?
WARNING: Shader Unsupported: 'Universal Render Pipeline/Terrain/Lit' - All subshaders removed
WARNING: Shader Did you use #pragma only_renderers and omit this platform?
WARNING: Shader If subshaders removal was intentional, you may have forgotten turning Fallback off?
ERROR: Shader Universal Render Pipeline/Terrain/Lit shader is not supported on this GPU (none of subshaders/fallbacks are suitable)
WARNING: Shader Unsupported: 'Universal Render Pipeline/Terrain/Lit' - All subshaders removed
WARNING: Shader Did you use #pragma only_renderers and omit this platform?
WARNING: Shader If subshaders removal was intentional, you may have forgotten turning Fallback off?
WARNING: Shader Unsupported: 'Hidden/Universal Render Pipeline/Terrain/Lit (Base Pass)' - All subshaders removed
WARNING: Shader Did you use #pragma only_renderers and omit this platform?
WARNING: Shader If subshaders removal was intentional, you may have forgotten turning Fallback off?
ERROR: Shader Hidden/Universal Render Pipeline/Terrain/Lit (Base Pass) shader is not supported on this GPU (none of subshaders/fallbacks are suitable)
WARNING: Shader Unsupported: 'Hidden/Universal Render Pipeline/Terrain/Lit (Base Pass)' - All subshaders removed
WARNING: Shader Did you use #pragma only_renderers and omit this platform?
WARNING: Shader If subshaders removal was intentional, you may have forgotten turning Fallback off?
ERROR: Shader Legacy Shaders/Particles/Alpha Blended shader is not supported on this GPU (none of subshaders/fallbacks are suitable)
ERROR: Shader Hidden/TerrainEngine/Details/UniversalPipeline/WavingDoublePass shader is not supported on this GPU (none of subshaders/fallbacks are suitable)
ERROR: Shader Legacy Shaders/Particles/Additive shader is not supported on this GPU (none of subshaders/fallbacks are suitable)
WARNING: Shader Unsupported: 'Universal Render Pipeline/Unlit' - All subshaders removed
WARNING: Shader Did you use #pragma only_renderers and omit this platform?
WARNING: Shader If subshaders removal was intentional, you may have forgotten turning Fallback off?
ERROR: Shader Universal Render Pipeline/Unlit shader is not supported on this GPU (none of subshaders/fallbacks are suitable)
WARNING: Shader Unsupported: 'Universal Render Pipeline/Unlit' - All subshaders removed
WARNING: Shader Did you use #pragma only_renderers and omit this platform?
WARNING: Shader If subshaders removal was intentional, you may have forgotten turning Fallback off?
WARNING: Shader Unsupported: 'Universal Render Pipeline/Particles/Unlit' - All subshaders removed
WARNING: Shader Did you use #pragma only_renderers and omit this platform?
WARNING: Shader If subshaders removal was intentional, you may have forgotten turning Fallback off?
ERROR: Shader Universal Render Pipeline/Particles/Unlit shader is not supported on this GPU (none of subshaders/fallbacks are suitable)
WARNING: Shader Unsupported: 'Universal Render Pipeline/Particles/Unlit' - All subshaders removed
WARNING: Shader Did you use #pragma only_renderers and omit this platform?
WARNING: Shader If subshaders removal was intentional, you may have forgotten turning Fallback off?
ERROR: Shader Hidden/TerrainEngine/Details/UniversalPipeline/Vertexlit shader is not supported on this GPU (none of subshaders/fallbacks are suitable)
The tree grass Variant must use the Nature/Soft Occlusion shader. Otherwise billboarding/lighting will not work correctly.
UnloadTime: 0.850240 ms
ERROR: Shader UI/Default shader is not supported on this GPU (none of subshaders/fallbacks are suitable)
requesting resize 84 x 84
Something wrong1!!
-10.37231
Something wrong2!!
4.273491
Something wrong3!!
(9.82, -6.68, 4.84)
Something wrong1!!
-10.46142
Something wrong2!!
4.258735
Something wrong3!!
(10.12, -6.28, 4.62)
Something wrong1!!
10.26488
Something wrong2!!
5.57533
Something wrong3!!
(6.09, -13.18, 8.31)
Something wrong1!!
10.47033
Something wrong2!!
5.544711
Something wrong3!!
(6.10, -12.89, 8.57)
Something wrong1!!
10.40497
Something wrong2!!
5.562933
Something wrong3!!
(6.11, -13.00, 8.50)
Something wrong1!!
10.45744
Something wrong2!!
5.514231
Something wrong3!!
(7.79, -12.61, 7.35)
Something wrong1!!
10.38974
Something wrong2!!
0
Something wrong3!!
(9.31, -10.92, 5.63)
Something wrong1!!
10.68131
Something wrong2!!
4.989187
Something wrong3!!
(9.49, -9.78, 6.19)
Something wrong1!!
10.97927
Something wrong2!!
4.950491
Something wrong3!!
(10.06, -9.08, 6.07)
Something wrong1!!
10.5588
Something wrong2!!
4.992335
Something wrong3!!
(5.80, -10.62, 8.83)
Something wrong1!!
10.55716
Something wrong2!!
0
Something wrong3!!
(5.80, -11.01, 8.83)
Something wrong1!!
10.70124
Something wrong2!!
5.057687
Something wrong3!!
(5.76, -10.75, 9.03)
Something wrong1!!
10.70002
Something wrong2!!
0
Something wrong3!!
(5.76, -11.14, 9.03)
Something wrong1!!
10.69874
Something wrong2!!
0
Something wrong3!!
(5.76, -11.53, 9.03)
Something wrong1!!
10.69741
Something wrong2!!
0
Something wrong3!!
(5.76, -11.93, 9.03)
Something wrong1!!
10.96359
Something wrong2!!
5.292736
Something wrong3!!
(5.59, -11.48, 9.44)
Something wrong1!!
10.96465
Something wrong2!!
5.388041
Something wrong3!!
(5.59, -11.87, 9.44)
Something wrong1!!
10.96561
Something wrong2!!
5.484808
Something wrong3!!
(5.59, -12.26, 9.44)
Something wrong1!!
10.96649
Something wrong2!!
5.582964
Something wrong3!!
(5.59, -12.65, 9.44)
Something wrong1!!
10.96729
Something wrong2!!
5.682435
Something wrong3!!
(5.59, -13.05, 9.44)
Something wrong1!!
10.96847
Something wrong2!!
5.783154
Something wrong3!!
(5.59, -13.44, 9.44)
Something wrong1!!
10.96908
Something wrong2!!
5.885056
Something wrong3!!
(5.59, -13.83, 9.44)
Something wrong1!!
10.96963
Something wrong2!!
5.988081
Something wrong3!!
(5.59, -14.22, 9.44)
Something wrong1!!
10.97011
Something wrong2!!
6.092172
Something wrong3!!
(5.59, -14.62, 9.44)
Something wrong1!!
10.97054
Something wrong2!!
6.197276
Something wrong3!!
(5.59, -15.01, 9.44)
Something wrong1!!
10.97116
Something wrong2!!
6.303341
Something wrong3!!
(5.59, -15.40, 9.44)
Something wrong1!!
11.09548
Something wrong2!!
6.32794
Something wrong3!!
(5.77, -15.40, 9.48)
Something wrong1!!
11.09588
Something wrong2!!
6.434521
Something wrong3!!
(5.77, -15.80, 9.48)
Something wrong1!!
11.22006
Something wrong2!!
6.437721
Something wrong3!!
(6.01, -15.72, 9.47)
Something wrong1!!
11.22546
Something wrong2!!
6.460172
Something wrong3!!
(6.12, -15.80, 9.41)
Something wrong1!!
11.72516
Something wrong2!!
6.440569
Something wrong3!!
(6.49, -15.36, 9.77)
Something wrong1!!
11.72519
Something wrong2!!
6.545001
Something wrong3!!
(6.49, -15.75, 9.77)
Something wrong1!!
12.04891
Something wrong2!!
6.518697
Something wrong3!!
(6.51, -15.40, 10.15)
Something wrong1!!
12.33974
Something wrong2!!
6.500311
Something wrong3!!
(6.49, -15.10, 10.50)
Something wrong1!!
12.34021
Something wrong2!!
6.602104
Something wrong3!!
(6.49, -15.49, 10.50)
Something wrong1!!
12.3408
Something wrong2!!
6.704904
Something wrong3!!
(6.49, -15.88, 10.50)
Something wrong1!!
12.34104
Something wrong2!!
6.808664
Something wrong3!!
(6.49, -16.28, 10.50)
Something wrong1!!
12.41939
Something wrong2!!
6.836674
Something wrong3!!
(6.63, -16.32, 10.50)
Something wrong1!!
12.41964
Something wrong2!!
6.941218
Something wrong3!!
(6.63, -16.71, 10.50)
Something wrong1!!
12.41957
Something wrong2!!
7.046639
Something wrong3!!
(6.63, -17.11, 10.50)
Something wrong1!!
12.41901
Something wrong2!!
7.152899
Something wrong3!!
(6.63, -17.50, 10.50)
Something wrong1!!
12.41827
Something wrong2!!
7.259959
Something wrong3!!
(6.63, -17.89, 10.50)
Something wrong1!!
12.84203
Something wrong2!!
0
Something wrong3!!
(7.58, -17.10, 10.37)
Something wrong1!!
12.50929
Something wrong2!!
0
Something wrong3!!
(7.31, -17.37, 10.15)
Something wrong1!!
12.19193
Something wrong2!!
0
Something wrong3!!
(7.02, -17.68, 9.97)
Something wrong1!!
10.21346
Something wrong2!!
-11.68146
Something wrong3!!
(6.06, -9.58, 8.25)
Something wrong1!!
10.00445
Something wrong2!!
6.079029
Something wrong3!!
(4.84, -14.94, 9.27)
Something wrong1!!
10.06249
Something wrong2!!
5.609326
Something wrong3!!
(6.94, -13.24, 7.73)
Something wrong1!!
10.70041
Something wrong2!!
5.533104
Something wrong3!!
(7.28, -12.49, 8.16)
Something wrong1!!
10.76987
Something wrong2!!
5.632155
Something wrong3!!
(7.28, -12.88, 8.16)
Something wrong1!!
10.82626
Something wrong2!!
0
Something wrong3!!
(7.28, -13.27, 8.16)
Something wrong1!!
10.87031
Something wrong2!!
-14.58503
Something wrong3!!
(7.28, -13.66, 8.16)
Something wrong1!!
10.90165
Something wrong2!!
-14.84172
Something wrong3!!
(7.28, -14.06, 8.16)
Something wrong1!!
10.92352
Something wrong2!!
-15.10113
Something wrong3!!
(7.28, -14.45, 8.16)
Something wrong1!!
10.93508
Something wrong2!!
-15.36312
Something wrong3!!
(7.28, -14.84, 8.16)
Something wrong1!!
10.93697
Something wrong2!!
-15.62756
Something wrong3!!
(7.28, -15.23, 8.16)
Something wrong1!!
10.9298
Something wrong2!!
-15.89433
Something wrong3!!
(7.28, -15.63, 8.16)
Something wrong1!!
10.91501
Something wrong2!!
-16.16331
Something wrong3!!
(7.28, -16.02, 8.16)
Something wrong1!!
10.89181
Something wrong2!!
-16.43439
Something wrong3!!
(7.28, -16.41, 8.16)
Something wrong1!!
10.86122
Something wrong2!!
-16.70748
Something wrong3!!
(7.28, -16.80, 8.16)
Something wrong1!!
10.82376
Something wrong2!!
-16.98247
Something wrong3!!
(7.28, -17.20, 8.16)
Something wrong1!!
10.77991
Something wrong2!!
-17.25928
Something wrong3!!
(7.28, -17.59, 8.16)
Something wrong1!!
10.73273
Something wrong2!!
-17.53781
Something wrong3!!
(7.28, -17.98, 8.16)
Something wrong1!!
10.67781
Something wrong2!!
-17.81799
Something wrong3!!
(7.28, -18.37, 8.16)
Something wrong1!!
10.61783
Something wrong2!!
-18.09974
Something wrong3!!
(7.28, -18.76, 8.16)
Something wrong1!!
10.55319
Something wrong2!!
-18.38299
Something wrong3!!
(7.28, -19.16, 8.16)
Something wrong1!!
10.81178
Something wrong2!!
-18.11958
Something wrong3!!
(7.87, -18.56, 8.14)
Something wrong1!!
11.63199
Something wrong2!!
-16.57031
Something wrong3!!
(8.35, -15.68, 8.94)
Something wrong1!!
11.6456
Something wrong2!!
-16.44566
Something wrong3!!
(8.19, -15.46, 9.13)
Something wrong1!!
11.64665
Something wrong2!!
-16.31297
Something wrong3!!
(8.17, -15.24, 9.17)
Something wrong1!!
11.8226
Something wrong2!!
-14.79715
Something wrong3!!
(9.10, -12.55, 8.66)
Something wrong1!!
11.7535
Something wrong2!!
-15.03004
Something wrong3!!
(9.10, -12.94, 8.66)
Something wrong1!!
11.68899
Something wrong2!!
-15.26639
Something wrong3!!
(9.10, -13.33, 8.66)
Something wrong1!!
11.61743
Something wrong2!!
-15.50603
Something wrong3!!
(9.10, -13.73, 8.66)
Something wrong1!!
11.54476
Something wrong2!!
-15.74881
Something wrong3!!
(9.10, -14.12, 8.66)
Something wrong1!!
11.47112
Something wrong2!!
-15.9946
Something wrong3!!
(9.10, -14.51, 8.66)
Something wrong1!!
11.39665
Something wrong2!!
-16.24325
Something wrong3!!
(9.10, -14.90, 8.66)
Something wrong1!!
11.07637
Something wrong2!!
-15.77407
Something wrong3!!
(8.65, -14.42, 8.69)
Something wrong1!!
-10.04093
Something wrong2!!
3.579548
Something wrong3!!
(8.91, 0.01, -5.99)
Something wrong1!!
-10.31915
Something wrong2!!
3.586017
Something wrong3!!
(8.45, 0.01, -6.65)
Something wrong1!!
-10.53883
Something wrong2!!
3.59247
Something wrong3!!
(7.94, 0.01, -7.28)
Something wrong1!!
-10.69716
Something wrong2!!
3.598877
Something wrong3!!
(7.39, 0.01, -7.87)
Something wrong1!!
-10.79632
Something wrong2!!
3.605267
Something wrong3!!
(6.79, 0.01, -8.42)
Something wrong1!!
-10.8335
Something wrong2!!
3.61162
Something wrong3!!
(6.15, 0.01, -8.92)
Something wrong1!!
-10.80828
Something wrong2!!
3.617947
Something wrong3!!
(5.47, 0.01, -9.38)
Something wrong1!!
-10.72056
Something wrong2!!
3.624241
Something wrong3!!
(4.75, 0.01, -9.78)
Something wrong1!!
-10.57406
Something wrong2!!
3.630507
Something wrong3!!
(4.01, 0.01, -10.13)
Something wrong1!!
-10.36361
Something wrong2!!
3.636738
Something wrong3!!
(3.25, 0.01, -10.42)
Something wrong1!!
-10.09262
Something wrong2!!
3.642948
Something wrong3!!
(2.46, 0.01, -10.65)
Something wrong1!!
-10.15538
Something wrong2!!
4.605603
Something wrong3!!
(9.42, -9.23, 4.13)
Something wrong1!!
-10.00542
Something wrong2!!
3.336663
Something wrong3!!
(4.73, 0.01, -8.82)
Something wrong1!!
-10.00041
Something wrong2!!
3.337114
Something wrong3!!
(4.04, 0.01, -9.16)
Something wrong1!!
10.0178
Something wrong2!!
3.353033
Something wrong3!!
(-5.24, 0.01, 8.59)
Something wrong1!!
10.05929
Something wrong2!!
3.353396
Something wrong3!!
(-4.56, 0.01, 8.97)
Something wrong1!!
10.04066
Something wrong2!!
3.353759
Something wrong3!!
(-3.85, 0.01, 9.29)
Something wrong1!!
-10.2981
Something wrong2!!
-14.67105
Something wrong3!!
(5.88, -13.99, 8.93)
Something wrong1!!
-10.30218
Something wrong2!!
-14.93219
Something wrong3!!
(5.88, -14.38, 8.93)
Something wrong1!!
-10.30611
Something wrong2!!
-15.19589
Something wrong3!!
(5.88, -14.77, 8.93)
Something wrong1!!
-10.30674
Something wrong2!!
-15.46201
Something wrong3!!
(5.88, -15.17, 8.93)
Something wrong1!!
-10.3104
Something wrong2!!
-15.73042
Something wrong3!!
(5.88, -15.56, 8.93)
Something wrong1!!
-10.31392
Something wrong2!!
-16.00101
Something wrong3!!
(5.88, -15.95, 8.93)
Something wrong1!!
-10.31731
Something wrong2!!
-16.27368
Something wrong3!!
(5.88, -16.34, 8.93)
Something wrong1!!
-10.32058
Something wrong2!!
-16.54831
Something wrong3!!
(5.88, -16.74, 8.93)
Something wrong1!!
-10.32054
Something wrong2!!
-16.82482
Something wrong3!!
(5.88, -17.13, 8.93)
Something wrong1!!
-10.32359
Something wrong2!!
-17.1031
Something wrong3!!
(5.88, -17.52, 8.93)
Something wrong1!!
-10.32653
Something wrong2!!
-17.38309
Something wrong3!!
(5.88, -17.91, 8.93)
Something wrong1!!
-10.32937
Something wrong2!!
-17.66468
Something wrong3!!
(5.88, -18.31, 8.93)
Something wrong1!!
-10.33211
Something wrong2!!
-17.94782
Something wrong3!!
(5.88, -18.70, 8.93)
Something wrong1!!
-10.33161
Something wrong2!!
-18.23243
Something wrong3!!
(5.88, -19.09, 8.93)
Something wrong1!!
-10.33417
Something wrong2!!
-18.51843
Something wrong3!!
(5.88, -19.48, 8.93)
Something wrong1!!
-10.33664
Something wrong2!!
-18.80577
Something wrong3!!
(5.88, -19.87, 8.93)
Something wrong1!!
-10.8416
Something wrong2!!
-18.70623
Something wrong3!!
(6.06, -19.45, 9.42)
Something wrong1!!
-11.87618
Something wrong2!!
-17.94297
Something wrong3!!
(7.83, -17.76, 9.32)
Something wrong1!!
-11.16717
Something wrong2!!
-17.98319
Something wrong3!!
(6.90, -18.29, 9.14)
Something wrong1!!
-11.22852
Something wrong2!!
-18.00689
Something wrong3!!
(7.11, -18.28, 9.06)
Something wrong1!!
-10.12676
Something wrong2!!
-18.02538
Something wrong3!!
(6.76, -18.94, 7.95)
Something wrong1!!
-10.47033
Something wrong2!!
-17.9735
Something wrong3!!
(6.91, -18.66, 8.32)
Something wrong1!!
-11.32893
Something wrong2!!
-17.74813
Something wrong3!!
(6.81, -17.78, 9.55)
Something wrong1!!
-10.29654
Something wrong2!!
-17.79855
Something wrong3!!
(6.69, -18.47, 8.38)
Something wrong1!!
-11.35132
Something wrong2!!
-17.47789
Something wrong3!!
(6.83, -17.30, 9.69)
Something wrong1!!
-11.18689
Something wrong2!!
-17.46279
Something wrong3!!
(6.56, -17.35, 9.76)
Something wrong1!!
-10.57576
Something wrong2!!
-17.52855
Something wrong3!!
(6.13, -17.79, 9.40)
Something wrong1!!
-10.50811
Something wrong2!!
-17.61075
Something wrong3!!
(5.91, -17.89, 9.58)
Something wrong1!!
-10.09222
Something wrong2!!
-17.68073
Something wrong3!!
(5.54, -18.18, 9.44)
Something wrong1!!
-12.73052
Something wrong2!!
-15.34268
Something wrong3!!
(5.92, -12.00, 12.65)
Something wrong1!!
-12.61655
Something wrong2!!
-15.55775
Something wrong3!!
(5.92, -12.39, 12.65)
Something wrong1!!
-12.50038
Something wrong2!!
-15.77667
Something wrong3!!
(5.92, -12.78, 12.65)
Something wrong1!!
-12.3725
Something wrong2!!
-15.99927
Something wrong3!!
(5.92, -13.18, 12.65)
Something wrong1!!
-12.25239
Something wrong2!!
-16.22541
Something wrong3!!
(5.92, -13.57, 12.65)
Something wrong1!!
-12.13086
Something wrong2!!
-16.45494
Something wrong3!!
(5.92, -13.96, 12.65)
Something wrong1!!
-12.00814
Something wrong2!!
-16.68773
Something wrong3!!
(5.92, -14.35, 12.65)
Something wrong1!!
-11.88446
Something wrong2!!
-16.92363
Something wrong3!!
(5.92, -14.74, 12.65)
Something wrong1!!
-11.74793
Something wrong2!!
-17.16252
Something wrong3!!
(5.92, -15.14, 12.65)
Something wrong1!!
-11.62259
Something wrong2!!
-17.40427
Something wrong3!!
(5.92, -15.53, 12.65)
Something wrong1!!
-11.49684
Something wrong2!!
-17.64877
Something wrong3!!
(5.92, -15.92, 12.65)
Something wrong1!!
-11.37087
Something wrong2!!
-17.89591
Something wrong3!!
(5.92, -16.31, 12.65)
Something wrong1!!
-11.24482
Something wrong2!!
-18.14557
Something wrong3!!
(5.92, -16.71, 12.65)
Something wrong1!!
-11.10535
Something wrong2!!
-18.39765
Something wrong3!!
(5.92, -17.10, 12.65)
Something wrong1!!
-10.9793
Something wrong2!!
-18.65207
Something wrong3!!
(5.92, -17.49, 12.65)
Something wrong1!!
-10.85357
Something wrong2!!
-18.90871
Something wrong3!!
(5.92, -17.88, 12.65)
Something wrong1!!
-10.72828
Something wrong2!!
-19.16749
Something wrong3!!
(5.92, -18.28, 12.65)
Something wrong1!!
-10.60354
Something wrong2!!
-19.42834
Something wrong3!!
(5.92, -18.67, 12.65)
Something wrong1!!
-10.46479
Something wrong2!!
-19.69115
Something wrong3!!
(5.92, -19.06, 12.65)
Something wrong1!!
-10.3412
Something wrong2!!
-19.95587
Something wrong3!!
(5.92, -19.45, 12.65)
Something wrong1!!
-10.21844
Something wrong2!!
-20.22241
Something wrong3!!
(5.92, -19.85, 12.65)
Something wrong1!!
-10.09658
Something wrong2!!
-20.4907
Something wrong3!!
(5.92, -20.24, 12.65)
Something wrong1!!
-10.33989
Something wrong2!!
-20.79826
Something wrong3!!
(8.41, -16.06, 17.16)
Something wrong1!!
-10.11688
Something wrong2!!
-21.01011
Something wrong3!!
(8.41, -16.45, 17.16)
Something wrong1!!
-10.07583
Something wrong2!!
5.988296
Something wrong3!!
(7.15, -14.85, 7.14)
Something wrong1!!
-10.96882
Something wrong2!!
5.818558
Something wrong3!!
(7.58, -13.55, 7.97)
Something wrong1!!
-10.26203
Something wrong2!!
5.839169
Something wrong3!!
(7.05, -14.17, 7.52)
Something wrong1!!
-10.30754
Something wrong2!!
5.840836
Something wrong3!!
(7.28, -14.14, 7.36)
Something wrong1!!
-10.55563
Something wrong2!!
5.413791
Something wrong3!!
(6.27, -12.28, 8.59)
Something wrong1!!
-10.51246
Something wrong2!!
5.297103
Something wrong3!!
(6.32, -11.82, 8.54)
Something wrong1!!
-10.00104
Something wrong2!!
4.97626
Something wrong3!!
(7.42, -10.94, 6.95)
Something wrong1!!
-10.18861
Something wrong2!!
4.831876
Something wrong3!!
(7.91, -10.10, 6.75)
Something wrong1!!
-11.38093
Something wrong2!!
-15.05994
Something wrong3!!
(10.66, -12.05, 8.23)
Something wrong1!!
-10.04859
Something wrong2!!
5.550891
Something wrong3!!
(10.17, -13.00, 2.20)
Something wrong1!!
-10.12255
Something wrong2!!
5.653577
Something wrong3!!
(10.17, -13.39, 2.20)
Something wrong1!!
-10.18682
Something wrong2!!
5.757404
Something wrong3!!
(10.17, -13.78, 2.20)
Something wrong1!!
-10.2419
Something wrong2!!
5.862309
Something wrong3!!
(10.17, -14.18, 2.20)
Something wrong1!!
-10.28888
Something wrong2!!
5.968237
Something wrong3!!
(10.17, -14.57, 2.20)
Setting up 128 worker threads for Enlighten.
Memory Statistics:
[ALLOC_TEMP_TLS] TLS Allocator
  StackAllocators : 
    [ALLOC_TEMP_MAIN]
      Peak usage frame count: [32.0 KB-64.0 KB]: 211189 frames, [4.0 MB-8.0 MB]: 1 frames
      Initial Block Size 4.0 MB
      Current Block Size 4.0 MB
      Peak Allocated Bytes 4.0 MB
      Overflow Count 2
    [ALLOC_TEMP_Job.Worker 18]
      Initial Block Size 256.0 KB
      Current Block Size 256.0 KB
      Peak Allocated Bytes 0 B
      Overflow Count 0
    [ALLOC_TEMP_Job.Worker 42]
      Initial Block Size 256.0 KB
      Current Block Size 256.0 KB
      Peak Allocated Bytes 0 B
      Overflow Count 0
    [ALLOC_TEMP_Job.Worker 58]
      Initial Block Size 256.0 KB
      Current Block Size 256.0 KB
      Peak Allocated Bytes 0 B
      Overflow Count 0
    [ALLOC_TEMP_Job.Worker 44]
      Initial Block Size 256.0 KB
      Current Block Size 256.0 KB
      Peak Allocated Bytes 0 B
      Overflow Count 0
    [ALLOC_TEMP_Job.Worker 73]
      Initial Block Size 256.0 KB
      Current Block Size 256.0 KB
      Peak Allocated Bytes 0 B
      Overflow Count 0
    [ALLOC_TEMP_Background Job.Worker 10]
      Initial Block Size 32.0 KB
      Current Block Size 32.0 KB
      Peak Allocated Bytes 0 B
      Overflow Count 0
    [ALLOC_TEMP_Job.Worker 40]
      Initial Block Size 256.0 KB
      Current Block Size 256.0 KB
      Peak Allocated Bytes 0 B
      Overflow Count 0
    [ALLOC_TEMP_Job.Worker 36]
      Initial Block Size 256.0 KB
      Current Block Size 256.0 KB
      Peak Allocated Bytes 0 B
      Overflow Count 0
    [ALLOC_TEMP_Job.Worker 77]
      Initial Block Size 256.0 KB
      Current Block Size 256.0 KB
      Peak Allocated Bytes 29.0 KB
      Overflow Count 0
    [ALLOC_TEMP_Job.Worker 16]
      Initial Block Size 256.0 KB
      Current Block Size 256.0 KB
      Peak Allocated Bytes 0 B
      Overflow Count 0
    [ALLOC_TEMP_Background Job.Worker 6]
      Initial Block Size 32.0 KB
      Current Block Size 32.0 KB
      Peak Allocated Bytes 0 B
      Overflow Count 0
    [ALLOC_TEMP_Job.Worker 4]
      Initial Block Size 256.0 KB
      Current Block Size 256.0 KB
      Peak Allocated Bytes 19.5 KB
      Overflow Count 0
    [ALLOC_TEMP_Job.Worker 27]
      Initial Block Size 256.0 KB
      Current Block Size 256.0 KB
      Peak Allocated Bytes 0 B
      Overflow Count 0
    [ALLOC_TEMP_Job.Worker 52]
      Initial Block Size 256.0 KB
      Current Block Size 256.0 KB
      Peak Allocated Bytes 0 B
      Overflow Count 0
    [ALLOC_TEMP_Job.Worker 60]
      Initial Block Size 256.0 KB
      Current Block Size 256.0 KB
      Peak Allocated Bytes 0 B
      Overflow Count 0
    [ALLOC_TEMP_Job.Worker 110]
      Initial Block Size 256.0 KB
      Current Block Size 256.0 KB
      Peak Allocated Bytes 0 B
      Overflow Count 0
    [ALLOC_TEMP_Job.Worker 85]
      Initial Block Size 256.0 KB
      Current Block Size 256.0 KB
      Peak Allocated Bytes 0 B
      Overflow Count 0
    [ALLOC_TEMP_Job.Worker 103]
      Initial Block Size 256.0 KB
      Current Block Size 256.0 KB
      Peak Allocated Bytes 0 B
      Overflow Count 0
    [ALLOC_TEMP_Job.Worker 70]
      Initial Block Size 256.0 KB
      Current Block Size 256.0 KB
      Peak Allocated Bytes 0 B
      Overflow Count 0
    [ALLOC_TEMP_Job.Worker 79]
      Initial Block Size 256.0 KB
      Current Block Size 256.0 KB
      Peak Allocated Bytes 0 B
      Overflow Count 0
    [ALLOC_TEMP_Background Job.Worker 1]
      Initial Block Size 32.0 KB
      Current Block Size 32.0 KB
      Peak Allocated Bytes 0 B
      Overflow Count 0
    [ALLOC_TEMP_Background Job.Worker 8]
      Initial Block Size 32.0 KB
      Current Block Size 32.0 KB
      Peak Allocated Bytes 0 B
      Overflow Count 0
    [ALLOC_TEMP_Job.Worker 78]
      Initial Block Size 256.0 KB
      Current Block Size 256.0 KB
      Peak Allocated Bytes 0 B
      Overflow Count 0
    [ALLOC_TEMP_Job.Worker 66]
      Initial Block Size 256.0 KB
      Current Block Size 256.0 KB
      Peak Allocated Bytes 0 B
      Overflow Count 0
    [ALLOC_TEMP_Job.Worker 74]
      Initial Block Size 256.0 KB
      Current Block Size 256.0 KB
      Peak Allocated Bytes 0 B
      Overflow Count 0
    [ALLOC_TEMP_Job.Worker 101]
      Initial Block Size 256.0 KB
      Current Block Size 256.0 KB
      Peak Allocated Bytes 0 B
      Overflow Count 0
    [ALLOC_TEMP_Job.Worker 38]
      Initial Block Size 256.0 KB
      Current Block Size 256.0 KB
      Peak Allocated Bytes 0 B
      Overflow Count 0
    [ALLOC_TEMP_Job.Worker 53]
      Initial Block Size 256.0 KB
      Current Block Size 256.0 KB
      Peak Allocated Bytes 0 B
      Overflow Count 0
    [ALLOC_TEMP_Background Job.Worker 11]
      Initial Block Size 32.0 KB
      Current Block Size 32.0 KB
      Peak Allocated Bytes 0 B
      Overflow Count 0
    [ALLOC_TEMP_Background Job.Worker 3]
      Initial Block Size 32.0 KB
      Current Block Size 32.0 KB
      Peak Allocated Bytes 0 B
      Overflow Count 0
    [ALLOC_TEMP_Job.Worker 20]
      Initial Block Size 256.0 KB
      Current Block Size 256.0 KB
      Peak Allocated Bytes 0 B
      Overflow Count 0
    [ALLOC_TEMP_Job.Worker 46]
      Initial Block Size 256.0 KB
      Current Block Size 256.0 KB
      Peak Allocated Bytes 0 B
      Overflow Count 0
    [ALLOC_TEMP_Job.Worker 43]
      Initial Block Size 256.0 KB
      Current Block Size 256.0 KB
      Peak Allocated Bytes 0 B
      Overflow Count 0
    [ALLOC_TEMP_BatchDeleteObjects]
      Initial Block Size 64.0 KB
      Current Block Size 64.0 KB
      Peak Allocated Bytes 0 B
      Overflow Count 0
    [ALLOC_TEMP_Job.Worker 106]
      Initial Block Size 256.0 KB
      Current Block Size 256.0 KB
      Peak Allocated Bytes 0 B
      Overflow Count 0
    [ALLOC_TEMP_Job.Worker 51]
      Initial Block Size 256.0 KB
      Current Block Size 256.0 KB
      Peak Allocated Bytes 0 B
      Overflow Count 0
    [ALLOC_TEMP_Job.Worker 30]
      Initial Block Size 256.0 KB
      Current Block Size 256.0 KB
      Peak Allocated Bytes 0 B
      Overflow Count 0
    [ALLOC_TEMP_Job.Worker 96]
      Initial Block Size 256.0 KB
      Current Block Size 256.0 KB
      Peak Allocated Bytes 0 B
      Overflow Count 0
    [ALLOC_TEMP_Job.Worker 63]
      Initial Block Size 256.0 KB
      Current Block Size 256.0 KB
      Peak Allocated Bytes 0 B
      Overflow Count 0
    [ALLOC_TEMP_Job.Worker 26]
      Initial Block Size 256.0 KB
      Current Block Size 256.0 KB
      Peak Allocated Bytes 0 B
      Overflow Count 0
    [ALLOC_TEMP_Job.Worker 86]
      Initial Block Size 256.0 KB
      Current Block Size 256.0 KB
      Peak Allocated Bytes 0 B
      Overflow Count 0
    [ALLOC_TEMP_Job.Worker 82]
      Initial Block Size 256.0 KB
      Current Block Size 256.0 KB
      Peak Allocated Bytes 0 B
      Overflow Count 0
    [ALLOC_TEMP_Job.Worker 21]
      Initial Block Size 256.0 KB
      Current Block Size 256.0 KB
      Peak Allocated Bytes 0 B
      Overflow Count 0
    [ALLOC_TEMP_Job.Worker 25]
      Initial Block Size 256.0 KB
      Current Block Size 256.0 KB
      Peak Allocated Bytes 0 B
      Overflow Count 0
    [ALLOC_TEMP_Job.Worker 92]
      Initial Block Size 256.0 KB
      Current Block Size 256.0 KB
      Peak Allocated Bytes 0 B
      Overflow Count 0
    [ALLOC_TEMP_Job.Worker 39]
      Initial Block Size 256.0 KB
      Current Block Size 256.0 KB
      Peak Allocated Bytes 0 B
      Overflow Count 0
    [ALLOC_TEMP_Job.Worker 111]
      Initial Block Size 256.0 KB
      Current Block Size 256.0 KB
      Peak Allocated Bytes 0 B
      Overflow Count 0
    [ALLOC_TEMP_Job.Worker 100]
      Initial Block Size 256.0 KB
      Current Block Size 256.0 KB
      Peak Allocated Bytes 0 B
      Overflow Count 0
    [ALLOC_TEMP_Job.Worker 71]
      Initial Block Size 256.0 KB
      Current Block Size 256.0 KB
      Peak Allocated Bytes 0 B
      Overflow Count 0
    [ALLOC_TEMP_Job.Worker 31]
      Initial Block Size 256.0 KB
      Current Block Size 256.0 KB
      Peak Allocated Bytes 0 B
      Overflow Count 0
    [ALLOC_TEMP_Job.Worker 47]
      Initial Block Size 256.0 KB
      Current Block Size 256.0 KB
      Peak Allocated Bytes 0 B
      Overflow Count 0
    [ALLOC_TEMP_Job.Worker 29]
      Initial Block Size 256.0 KB
      Current Block Size 256.0 KB
      Peak Allocated Bytes 0 B
      Overflow Count 0
    [ALLOC_TEMP_Job.Worker 13]
      Initial Block Size 256.0 KB
      Current Block Size 256.0 KB
      Peak Allocated Bytes 0 B
      Overflow Count 0
    [ALLOC_TEMP_Background Job.Worker 15]
      Initial Block Size 32.0 KB
      Current Block Size 32.0 KB
      Peak Allocated Bytes 0 B
      Overflow Count 0
    [ALLOC_TEMP_Job.Worker 76]
      Initial Block Size 256.0 KB
      Current Block Size 256.0 KB
      Peak Allocated Bytes 0 B
      Overflow Count 0
    [ALLOC_TEMP_Job.Worker 55]
      Initial Block Size 256.0 KB
      Current Block Size 256.0 KB
      Peak Allocated Bytes 0 B
      Overflow Count 0
    [ALLOC_TEMP_Job.Worker 98]
      Initial Block Size 256.0 KB
      Current Block Size 256.0 KB
      Peak Allocated Bytes 0 B
      Overflow Count 0
    [ALLOC_TEMP_Background Job.Worker 7]
      Initial Block Size 32.0 KB
      Current Block Size 32.0 KB
      Peak Allocated Bytes 0 B
      Overflow Count 0
    [ALLOC_TEMP_Job.Worker 22]
      Initial Block Size 256.0 KB
      Current Block Size 256.0 KB
      Peak Allocated Bytes 0 B
      Overflow Count 0
    [ALLOC_TEMP_Job.Worker 80]
      Initial Block Size 256.0 KB
      Current Block Size 256.0 KB
      Peak Allocated Bytes 0 B
      Overflow Count 0
    [ALLOC_TEMP_Job.Worker 75]
      Initial Block Size 256.0 KB
      Current Block Size 256.0 KB
      Peak Allocated Bytes 0 B
      Overflow Count 0
    [ALLOC_TEMP_Job.Worker 35]
      Initial Block Size 256.0 KB
      Current Block Size 256.0 KB
      Peak Allocated Bytes 0 B
      Overflow Count 0
    [ALLOC_TEMP_Job.Worker 67]
      Initial Block Size 256.0 KB
      Current Block Size 256.0 KB
      Peak Allocated Bytes 0 B
      Overflow Count 0
    [ALLOC_TEMP_Background Job.Worker 2]
      Initial Block Size 32.0 KB
      Current Block Size 32.0 KB
      Peak Allocated Bytes 0 B
      Overflow Count 0
    [ALLOC_TEMP_Job.Worker 8]
      Initial Block Size 256.0 KB
      Current Block Size 256.0 KB
      Peak Allocated Bytes 0 B
      Overflow Count 0
    [ALLOC_TEMP_Job.Worker 90]
      Initial Block Size 256.0 KB
      Current Block Size 256.0 KB
      Peak Allocated Bytes 0 B
      Overflow Count 0
    [ALLOC_TEMP_Job.Worker 23]
      Initial Block Size 256.0 KB
      Current Block Size 256.0 KB
      Peak Allocated Bytes 0 B
      Overflow Count 0
    [ALLOC_TEMP_Job.Worker 59]
      Initial Block Size 256.0 KB
      Current Block Size 256.0 KB
      Peak Allocated Bytes 0 B
      Overflow Count 0
    [ALLOC_TEMP_Job.Worker 1]
      Initial Block Size 256.0 KB
      Current Block Size 256.0 KB
      Peak Allocated Bytes 0 B
      Overflow Count 0
    [ALLOC_TEMP_Job.Worker 32]
      Initial Block Size 256.0 KB
      Current Block Size 256.0 KB
      Peak Allocated Bytes 0 B
      Overflow Count 0
    [ALLOC_TEMP_Job.Worker 49]
      Initial Block Size 256.0 KB
      Current Block Size 256.0 KB
      Peak Allocated Bytes 0 B
      Overflow Count 0
    [ALLOC_TEMP_Job.Worker 33]
      Initial Block Size 256.0 KB
      Current Block Size 256.0 KB
      Peak Allocated Bytes 0 B
      Overflow Count 0
    [ALLOC_TEMP_Job.Worker 10]
      Initial Block Size 256.0 KB
      Current Block Size 256.0 KB
      Peak Allocated Bytes 0 B
      Overflow Count 0
    [ALLOC_TEMP_Job.Worker 24]
      Initial Block Size 256.0 KB
      Current Block Size 256.0 KB
      Peak Allocated Bytes 0 B
      Overflow Count 0
    [ALLOC_TEMP_Job.Worker 15]
      Initial Block Size 256.0 KB
      Current Block Size 256.0 KB
      Peak Allocated Bytes 0 B
      Overflow Count 0
    [ALLOC_TEMP_Job.Worker 12]
      Initial Block Size 256.0 KB
      Current Block Size 256.0 KB
      Peak Allocated Bytes 0 B
      Overflow Count 0
    [ALLOC_TEMP_Job.Worker 83]
      Initial Block Size 256.0 KB
      Current Block Size 256.0 KB
      Peak Allocated Bytes 0 B
      Overflow Count 0
    [ALLOC_TEMP_Loading.PreloadManager]
      Initial Block Size 256.0 KB
      Current Block Size 384.0 KB
      Peak Allocated Bytes 346.7 KB
      Overflow Count 5
    [ALLOC_TEMP_Job.Worker 99]
      Initial Block Size 256.0 KB
      Current Block Size 256.0 KB
      Peak Allocated Bytes 0 B
      Overflow Count 0
    [ALLOC_TEMP_Job.Worker 87]
      Initial Block Size 256.0 KB
      Current Block Size 256.0 KB
      Peak Allocated Bytes 0 B
      Overflow Count 0
    [ALLOC_TEMP_Job.Worker 107]
      Initial Block Size 256.0 KB
      Current Block Size 256.0 KB
      Peak Allocated Bytes 0 B
      Overflow Count 0
    [ALLOC_TEMP_Job.Worker 109]
      Initial Block Size 256.0 KB
      Current Block Size 256.0 KB
      Peak Allocated Bytes 0 B
      Overflow Count 0
    [ALLOC_TEMP_Job.Worker 108]
      Initial Block Size 256.0 KB
      Current Block Size 256.0 KB
      Peak Allocated Bytes 0 B
      Overflow Count 0
    [ALLOC_TEMP_Job.Worker 14]
      Initial Block Size 256.0 KB
      Current Block Size 256.0 KB
      Peak Allocated Bytes 0 B
      Overflow Count 0
    [ALLOC_TEMP_Job.Worker 17]
      Initial Block Size 256.0 KB
      Current Block Size 256.0 KB
      Peak Allocated Bytes 0 B
      Overflow Count 0
    [ALLOC_TEMP_Job.Worker 65]
      Initial Block Size 256.0 KB
      Current Block Size 256.0 KB
      Peak Allocated Bytes 0 B
      Overflow Count 0
    [ALLOC_TEMP_Job.Worker 97]
      Initial Block Size 256.0 KB
      Current Block Size 256.0 KB
      Peak Allocated Bytes 0 B
      Overflow Count 0
    [ALLOC_TEMP_Job.Worker 3]
      Initial Block Size 256.0 KB
      Current Block Size 256.0 KB
      Peak Allocated Bytes 0 B
      Overflow Count 0
    [ALLOC_TEMP_Background Job.Worker 12]
      Initial Block Size 32.0 KB
      Current Block Size 32.0 KB
      Peak Allocated Bytes 0 B
      Overflow Count 0
    [ALLOC_TEMP_AssetGarbageCollectorHelper] x 255
      Initial Block Size 64.0 KB
      Current Block Size 64.0 KB
      Peak Allocated Bytes 0 B
      Overflow Count 0
    [ALLOC_TEMP_Background Job.Worker 5]
      Initial Block Size 32.0 KB
      Current Block Size 32.0 KB
      Peak Allocated Bytes 0 B
      Overflow Count 0
    [ALLOC_TEMP_Job.Worker 56]
      Initial Block Size 256.0 KB
      Current Block Size 256.0 KB
      Peak Allocated Bytes 0 B
      Overflow Count 0
    [ALLOC_TEMP_Background Job.Worker 13]
      Initial Block Size 32.0 KB
      Current Block Size 32.0 KB
      Peak Allocated Bytes 0 B
      Overflow Count 0
    [ALLOC_TEMP_Job.Worker 88]
      Initial Block Size 256.0 KB
      Current Block Size 256.0 KB
      Peak Allocated Bytes 0 B
      Overflow Count 0
    [ALLOC_TEMP_Job.Worker 62]
      Initial Block Size 256.0 KB
      Current Block Size 256.0 KB
      Peak Allocated Bytes 0 B
      Overflow Count 0
    [ALLOC_TEMP_Job.Worker 84]
      Initial Block Size 256.0 KB
      Current Block Size 256.0 KB
      Peak Allocated Bytes 0 B
      Overflow Count 0
    [ALLOC_TEMP_Job.Worker 37]
      Initial Block Size 256.0 KB
      Current Block Size 256.0 KB
      Peak Allocated Bytes 0 B
      Overflow Count 0
    [ALLOC_TEMP_Job.Worker 50]
      Initial Block Size 256.0 KB
      Current Block Size 256.0 KB
      Peak Allocated Bytes 0 B
      Overflow Count 0
    [ALLOC_TEMP_Job.Worker 2]
      Initial Block Size 256.0 KB
      Current Block Size 256.0 KB
      Peak Allocated Bytes 0 B
      Overflow Count 0
    [ALLOC_TEMP_Job.Worker 54]
      Initial Block Size 256.0 KB
      Current Block Size 256.0 KB
      Peak Allocated Bytes 0 B
      Overflow Count 0
    [ALLOC_TEMP_Job.Worker 94]
      Initial Block Size 256.0 KB
      Current Block Size 256.0 KB
      Peak Allocated Bytes 0 B
      Overflow Count 0
    [ALLOC_TEMP_Background Job.Worker 0]
      Initial Block Size 32.0 KB
      Current Block Size 32.0 KB
      Peak Allocated Bytes 0 B
      Overflow Count 0
    [ALLOC_TEMP_Job.Worker 41]
      Initial Block Size 256.0 KB
      Current Block Size 256.0 KB
      Peak Allocated Bytes 0 B
      Overflow Count 0
    [ALLOC_TEMP_Job.Worker 11]
      Initial Block Size 256.0 KB
      Current Block Size 256.0 KB
      Peak Allocated Bytes 0 B
      Overflow Count 0
    [ALLOC_TEMP_Background Job.Worker 4]
      Initial Block Size 32.0 KB
      Current Block Size 32.0 KB
      Peak Allocated Bytes 0 B
      Overflow Count 0
    [ALLOC_TEMP_Job.Worker 81]
      Initial Block Size 256.0 KB
      Current Block Size 256.0 KB
      Peak Allocated Bytes 0 B
      Overflow Count 0
    [ALLOC_TEMP_Job.Worker 6]
      Initial Block Size 256.0 KB
      Current Block Size 256.0 KB
      Peak Allocated Bytes 0 B
      Overflow Count 0
    [ALLOC_TEMP_Job.Worker 0]
      Initial Block Size 256.0 KB
      Current Block Size 256.0 KB
      Peak Allocated Bytes 0 B
      Overflow Count 0
    [ALLOC_TEMP_Background Job.Worker 9]
      Initial Block Size 32.0 KB
      Current Block Size 32.0 KB
      Peak Allocated Bytes 0 B
      Overflow Count 0
    [ALLOC_TEMP_Job.Worker 5]
      Initial Block Size 256.0 KB
      Current Block Size 256.0 KB
      Peak Allocated Bytes 14.0 KB
      Overflow Count 0
    [ALLOC_TEMP_Job.Worker 64]
      Initial Block Size 256.0 KB
      Current Block Size 256.0 KB
      Peak Allocated Bytes 0 B
      Overflow Count 0
    [ALLOC_TEMP_Background Job.Worker 14]
      Initial Block Size 32.0 KB
      Current Block Size 32.0 KB
      Peak Allocated Bytes 0 B
      Overflow Count 0
    [ALLOC_TEMP_Job.Worker 91]
      Initial Block Size 256.0 KB
      Current Block Size 256.0 KB
      Peak Allocated Bytes 0 B
      Overflow Count 0
    [ALLOC_TEMP_Job.Worker 57]
      Initial Block Size 256.0 KB
      Current Block Size 256.0 KB
      Peak Allocated Bytes 0 B
      Overflow Count 0
    [ALLOC_TEMP_Job.Worker 95]
      Initial Block Size 256.0 KB
      Current Block Size 256.0 KB
      Peak Allocated Bytes 0 B
      Overflow Count 0
    [ALLOC_TEMP_Job.Worker 34]
      Initial Block Size 256.0 KB
      Current Block Size 256.0 KB
      Peak Allocated Bytes 0 B
      Overflow Count 0
    [ALLOC_TEMP_Job.Worker 48]
      Initial Block Size 256.0 KB
      Current Block Size 256.0 KB
      Peak Allocated Bytes 0 B
      Overflow Count 0
    [ALLOC_TEMP_Job.Worker 68]
      Initial Block Size 256.0 KB
      Current Block Size 256.0 KB
      Peak Allocated Bytes 0 B
      Overflow Count 0
    [ALLOC_TEMP_Job.Worker 89]
      Initial Block Size 256.0 KB
      Current Block Size 256.0 KB
      Peak Allocated Bytes 0 B
      Overflow Count 0
    [ALLOC_TEMP_Job.Worker 72]
      Initial Block Size 256.0 KB
      Current Block Size 256.0 KB
      Peak Allocated Bytes 0 B
      Overflow Count 0
    [ALLOC_TEMP_EnlightenWorker] x 128
      Initial Block Size 64.0 KB
      Current Block Size 64.0 KB
      Peak Allocated Bytes 0 B
      Overflow Count 0
    [ALLOC_TEMP_Job.Worker 104]
      Initial Block Size 256.0 KB
      Current Block Size 256.0 KB
      Peak Allocated Bytes 0 B
      Overflow Count 0
    [ALLOC_TEMP_Job.Worker 28]
      Initial Block Size 256.0 KB
      Current Block Size 256.0 KB
      Peak Allocated Bytes 0 B
      Overflow Count 0
    [ALLOC_TEMP_Job.Worker 69]
      Initial Block Size 256.0 KB
      Current Block Size 256.0 KB
      Peak Allocated Bytes 0 B
      Overflow Count 0
    [ALLOC_TEMP_Job.Worker 61]
      Initial Block Size 256.0 KB
      Current Block Size 256.0 KB
      Peak Allocated Bytes 0 B
      Overflow Count 0
    [ALLOC_TEMP_Job.Worker 9]
      Initial Block Size 256.0 KB
      Current Block Size 256.0 KB
      Peak Allocated Bytes 15.6 KB
      Overflow Count 0
    [ALLOC_TEMP_Job.Worker 102]
      Initial Block Size 256.0 KB
      Current Block Size 256.0 KB
      Peak Allocated Bytes 0 B
      Overflow Count 0
    [ALLOC_TEMP_Job.Worker 93]
      Initial Block Size 256.0 KB
      Current Block Size 256.0 KB
      Peak Allocated Bytes 0 B
      Overflow Count 0
    [ALLOC_TEMP_Job.Worker 7]
      Initial Block Size 256.0 KB
      Current Block Size 256.0 KB
      Peak Allocated Bytes 0 B
      Overflow Count 0
    [ALLOC_TEMP_Job.Worker 105]
      Initial Block Size 256.0 KB
      Current Block Size 256.0 KB
      Peak Allocated Bytes 0 B
      Overflow Count 0
    [ALLOC_TEMP_Job.Worker 19]
      Initial Block Size 256.0 KB
      Current Block Size 256.0 KB
      Peak Allocated Bytes 0 B
      Overflow Count 0
    [ALLOC_TEMP_Job.Worker 45]
      Initial Block Size 256.0 KB
      Current Block Size 256.0 KB
      Peak Allocated Bytes 0 B
      Overflow Count 0
    [ALLOC_TEMP_Loading.AsyncRead]
      Initial Block Size 64.0 KB
      Current Block Size 64.0 KB
      Peak Allocated Bytes 214 B
      Overflow Count 0
[ALLOC_DEFAULT] Dual Thread Allocator
  Peak main deferred allocation count 3912
    [ALLOC_BUCKET]
      Large Block size 4.0 MB
      Used Block count 1
      Peak Allocated bytes 2.7 MB
    [ALLOC_DEFAULT_MAIN]
      Peak usage frame count: [64.0 MB-128.0 MB]: 211189 frames, [128.0 MB-256.0 MB]: 1 frames
      Requested Block Size 16.0 MB
      Peak Block count 2
      Peak Allocated memory 133.2 MB
      Peak Large allocation bytes 128.1 MB
    [ALLOC_DEFAULT_THREAD]
      Peak usage frame count: [32.0 MB-64.0 MB]: 211190 frames
      Requested Block Size 16.0 MB
      Peak Block count 1
      Peak Allocated memory 46.4 MB
      Peak Large allocation bytes 32.0 MB
[ALLOC_TEMP_JOB_1_FRAME]
  Initial Block Size 2.0 MB
  Used Block Count 1
  Overflow Count (too large) 0
  Overflow Count (full) 0
[ALLOC_TEMP_JOB_2_FRAMES]
  Initial Block Size 2.0 MB
  Used Block Count 1
  Overflow Count (too large) 0
  Overflow Count (full) 0
[ALLOC_TEMP_JOB_4_FRAMES (JobTemp)]
  Initial Block Size 2.0 MB
  Used Block Count 2
  Overflow Count (too large) 2
  Overflow Count (full) 0
[ALLOC_TEMP_JOB_ASYNC (Background)]
  Initial Block Size 1.0 MB
  Used Block Count 4
  Overflow Count (too large) 0
  Overflow Count (full) 0
[ALLOC_GFX] Dual Thread Allocator
  Peak main deferred allocation count 0
    [ALLOC_BUCKET]
      Large Block size 4.0 MB
      Used Block count 1
      Peak Allocated bytes 2.7 MB
    [ALLOC_GFX_MAIN]
      Peak usage frame count: [64.0 MB-128.0 MB]: 211190 frames
      Requested Block Size 16.0 MB
      Peak Block count 1
      Peak Allocated memory 85.4 MB
      Peak Large allocation bytes 85.4 MB
    [ALLOC_GFX_THREAD]
      Peak usage frame count: [2.0 MB-4.0 MB]: 211190 frames
      Requested Block Size 16.0 MB
      Peak Block count 1
      Peak Allocated memory 2.8 MB
      Peak Large allocation bytes 0 B
[ALLOC_CACHEOBJECTS] Dual Thread Allocator
  Peak main deferred allocation count 0
    [ALLOC_BUCKET]
      Large Block size 4.0 MB
      Used Block count 1
      Peak Allocated bytes 2.7 MB
    [ALLOC_CACHEOBJECTS_MAIN]
      Peak usage frame count: [1.0 MB-2.0 MB]: 211189 frames, [16.0 MB-32.0 MB]: 1 frames
      Requested Block Size 4.0 MB
      Peak Block count 2
      Peak Allocated memory 30.9 MB
      Peak Large allocation bytes 24.9 MB
    [ALLOC_CACHEOBJECTS_THREAD]
      Peak usage frame count: [1.0 MB-2.0 MB]: 211189 frames, [8.0 MB-16.0 MB]: 1 frames
      Requested Block Size 4.0 MB
      Peak Block count 3
      Peak Allocated memory 10.7 MB
      Peak Large allocation bytes 0 B
[ALLOC_TYPETREE] Dual Thread Allocator
  Peak main deferred allocation count 0
    [ALLOC_BUCKET]
      Large Block size 4.0 MB
      Used Block count 1
      Peak Allocated bytes 2.7 MB
    [ALLOC_TYPETREE_MAIN]
      Peak usage frame count: [0-1.0 KB]: 211190 frames
      Requested Block Size 2.0 MB
      Peak Block count 1
      Peak Allocated memory 1.1 KB
      Peak Large allocation bytes 0 B
    [ALLOC_TYPETREE_THREAD]
      Peak usage frame count: [1.0 KB-2.0 KB]: 211189 frames, [2.0 KB-4.0 KB]: 1 frames
      Requested Block Size 2.0 MB
      Peak Block count 1
      Peak Allocated memory 2.2 KB
      Peak Large allocation bytes 0 B
